2022-01-11 21:06:49.102 [0x015cb110] INFO  root  - ################################################################
2022-01-11 21:06:49.103 [0x015cb110] INFO  root  -                                      LOG   START
2022-01-11 21:06:49.103 [0x015cb110] INFO  root  - ################################################################
2022-01-11 21:06:51.868 [0x015cb110] INFO  QDialog  - 普通模式被选中！
2022-01-11 21:06:53.248 [0x015cb110] INFO  putong  - 普通模式设置确定，科目：语文;索引值：0；考试开始结束时间：08:00:00-10:30:00
2022-01-11 21:06:54.033 [0x015cb110] INFO  bofang  - 当前运行目录：K:/QT_Hook/ExamIns/build-ExamIns-Desktop_Qt_5_13_2_MinGW_32_bit-Release/release
2022-01-11 21:06:54.034 [0x015cb110] INFO  ExamInfo  - 当前考试科目：语文
2022-01-11 21:06:54.035 [0x015cb110] DEBUG Qt default  - ExamInfo initIns 指令播放时间队列 playTimeList:: QVector(QTime("07:45:00.000"), QTime("07:50:00.000"), QTime("07:55:00.000"), QTime("08:00:00.000"), QTime("10:00:00.000"), QTime("10:15:00.000"), QTime("10:30:00.000"))
2022-01-11 21:06:54.035 [0x015cb110] INFO  ExamInfo  - 已到播放队列尾！
2022-01-11 21:06:54.035 [0x015cb110] INFO  ExamInfo  - 考试信息界面初始化完毕！
2022-01-11 21:06:54.035 [0x015cb110] INFO  ExamInfo  - Timer2 started;定时器开启！
2022-01-11 21:06:56.071 [0x015cb110] INFO  showInfo  - 查看指令详情！
2022-01-11 21:07:00.000 [0x015cb110] INFO  ExamInfo  - playIns QTime currTime:: 21:07:00.000
2022-01-11 21:09:00.000 [0x015cb110] INFO  ExamInfo  - playIns QTime currTime:: 21:09:00.000
2022-01-11 21:10:00.000 [0x015cb110] INFO  ExamInfo  - playIns QTime currTime:: 21:10:00.000
2022-01-11 21:11:00.000 [0x015cb110] INFO  ExamInfo  - playIns QTime currTime:: 21:11:00.000
2022-01-11 21:11:44.582 [0x015cb110] INFO  bofang  - newThread->isRunning::0
2022-01-11 21:11:44.582 [0x015cb110] INFO  bofang  - player->state::0
2022-01-11 21:11:44.582 [0x015cb110] INFO  bofang  - 停止播放！
2022-01-11 21:11:44.587 [0x015cb110] INFO  ExamInfo  - 普通模式对话框重启,重新选择科目！
2022-01-11 21:11:45.893 [0x015cb110] INFO  root  - ################################################################
2022-01-11 21:11:45.893 [0x015cb110] INFO  root  -                                       LOG  STOP
2022-01-11 21:11:45.893 [0x015cb110] INFO  root  - ################################################################
