2021-12-28 20:20:53.205 [0x017d0c80] INFO  root  - ################################################################
2021-12-28 20:20:53.205 [0x017d0c80] INFO  root  -                                      LOG   START
2021-12-28 20:20:53.205 [0x017d0c80] INFO  root  - ################################################################
2021-12-28 20:20:56.036 [0x017d0c80] INFO  QDialog  - 普通模式被选中！
2021-12-28 20:21:24.943 [0x017d0c80] INFO  putong  - 普通模式设置确定，科目：语文;索引未：0；考试开始结束时间：20:35:00-21:50:00
2021-12-28 20:21:25.614 [0x017d0c80] INFO  ExamInfo  - 当前考试科目：语文
2021-12-28 20:21:25.614 [0x017d0c80] INFO  ExamInfo  - 指令播放列表初始化完毕！指令开始、结束时间：20:20:00――21:50:00
2021-12-28 20:21:25.615 [0x017d0c80] INFO  ExamInfo  - 展示下一条即将播放的指令相关内容！
2021-12-28 20:21:25.615 [0x017d0c80] INFO  ExamInfo  - 考试信息界面初始化完毕！
2021-12-28 20:21:25.615 [0x017d0c80] INFO  ExamInfo  - Timer2 started;定时器开启！
2021-12-28 20:24:00.000 [0x017d0c80] INFO  ExamInfo  - 当前指令索引：1；播放时间：20:24:00；指令内容：现在是开考前11分钟，请监考员核对挂钟显示时间，不准确的立即调整。；音频文件：p4.mp3
2021-12-28 20:24:00.001 [0x017d0c80] INFO  bofang  - QDir::currentPath()::K:/QT_Hook/ExamIns/build-ExamIns-Desktop_Qt_5_13_2_MinGW_32_bit-Debug    QUrl::fromLocalFile::file:Mp3/p4.mp3
2021-12-28 20:24:00.012 [0x017d0c80] INFO  bofang  - 成功播放，文件地址为：file:Mp3/p4.mp3
2021-12-28 20:24:11.740 [0x017d0c80] INFO  bofang  - 指令播放结束，文件地址为：file:Mp3/p4.mp3
2021-12-28 20:25:00.008 [0x017d0c80] INFO  ExamInfo  - 当前指令索引：2；播放时间：20:25:00；指令内容：请监考员甲当众验示试卷袋是否当堂考试科目，塑封袋是否完好无破损，无疑后，沿塑封袋拆封口拆封，取出试卷袋，然后用小刀将试题题袋上端裁开，取出试卷后，认真核对，作好发卷准备，并板书本堂考试的科目、试卷的张数、页数，如果有更正通知，请一并写在黑板上；监考员乙继续为考生粘贴条形码，粘贴完后再逐个检查考生填涂的姓名、准考证号、座位号是否正确。开始作答时，选择题部分必须用2B铅笔规范填涂；非选择题部分使用0.5毫米黑色墨迹签字笔书写，书写时字迹要工整、清晰，不得使用铅笔、红笔、蓝色钢笔或圆珠笔等规定以外的笔答题；作图题可先用铅笔绘出，确认后再用0.5毫米黑色墨迹签字笔描清楚；严禁在答题卡的图像定位点（黑方块）周围作任何涂写和标记；严格按照答题要求在指定的区域内答题，切不可超出答题区域的黑色边框，超出黑色边框的答案无效；凡印有方格的试卷，要一字一格书写；一律不准使用添卷纸，也不准答在草稿纸上；答题时如果需要对答案进行修改，可用修改符号将该书写内容划去，然后紧挨着在其上方或下方写出新的答案，修改部分书写时与正文一样不能超过该题答题区域的矩形边框，否则修改的答案无效；禁止使用涂改液、修正带改错或用胶带纸粘扯欲修改的内容。；音频文件：p5.mp3
2021-12-28 20:25:00.009 [0x017d0c80] INFO  bofang  - QDir::currentPath()::K:/QT_Hook/ExamIns/build-ExamIns-Desktop_Qt_5_13_2_MinGW_32_bit-Debug    QUrl::fromLocalFile::file:Mp3/p5.mp3
2021-12-28 20:25:00.027 [0x017d0c80] INFO  bofang  - 成功播放，文件地址为：file:Mp3/p5.mp3
2021-12-28 20:27:37.094 [0x017d0c80] INFO  bofang  - 指令播放结束，文件地址为：file:Mp3/p5.mp3
2021-12-28 20:30:00.006 [0x017d0c80] INFO  ExamInfo  - 当前指令索引：3；播放时间：20:30:00；指令内容：请监考员甲分发试卷，分发完试卷，监考员乙随即分发草稿纸；请考生注意，开考信号发出后，才能答题；若考生提前作答，监考员应及时制止并作违规处理，考生将受到取消本科目考试成绩的处理；若考生提前作答，监考员应及时制止并作违规处理，考生将受到取消本科目考试成绩的处理。（间隔30秒）请考生核对试卷是否为当堂考试科目，清点有无缺页，检查试卷有无漏印，字迹不清和试卷有无破损及其它异常情况，若有异常，请举手报告；开考后才发现异常情况而要求更换试卷和答题卡的，所延误的考试时间不予补偿；请考生核对试卷是否为当堂考试科目，清点有无缺页，检查试卷有无漏印，字迹不清和试卷有无破损及其它异常情况，若有异常，请举手报告；开考后才发现异常情况而要求更换试卷和答题卡的，所延误的考试时间不予补偿；（间隔10秒）请考生注意看试卷和答题卡上的注意事项。；音频文件：p6.mp3
2021-12-28 20:30:00.006 [0x017d0c80] INFO  bofang  - QDir::currentPath()::K:/QT_Hook/ExamIns/build-ExamIns-Desktop_Qt_5_13_2_MinGW_32_bit-Debug    QUrl::fromLocalFile::file:Mp3/p6.mp3
2021-12-28 20:30:00.022 [0x017d0c80] INFO  bofang  - 成功播放，文件地址为：file:Mp3/p6.mp3
2021-12-28 20:31:36.103 [0x017d0c80] INFO  bofang  - 指令播放结束，文件地址为：file:Mp3/p6.mp3
2021-12-28 20:55:03.468 [0x01730ba0] INFO  root  - ################################################################
2021-12-28 20:55:03.469 [0x01730ba0] INFO  root  -                                      LOG   START
2021-12-28 20:55:03.469 [0x01730ba0] INFO  root  - ################################################################
2021-12-28 20:55:17.173 [0x29220b60] INFO  root  - ################################################################
2021-12-28 20:55:17.173 [0x29220b60] INFO  root  -                                      LOG   START
2021-12-28 20:55:17.173 [0x29220b60] INFO  root  - ################################################################
2021-12-28 20:55:31.127 [0x29260c50] INFO  root  - ################################################################
2021-12-28 20:55:31.127 [0x29260c50] INFO  root  -                                      LOG   START
2021-12-28 20:55:31.127 [0x29260c50] INFO  root  - ################################################################
2021-12-28 20:55:46.876 [0x292f0bb0] INFO  root  - ################################################################
2021-12-28 20:55:46.876 [0x292f0bb0] INFO  root  -                                      LOG   START
2021-12-28 20:55:46.876 [0x292f0bb0] INFO  root  - ################################################################
2021-12-28 21:06:02.152 [0x292f0bb0] INFO  root  - ################################################################
2021-12-28 21:06:02.153 [0x292f0bb0] INFO  root  -                                       LOG  STOP
2021-12-28 21:06:02.153 [0x292f0bb0] INFO  root  - ################################################################
2021-12-28 21:06:40.131 [0x01710cf0] INFO  root  - ################################################################
2021-12-28 21:06:40.131 [0x01710cf0] INFO  root  -                                      LOG   START
2021-12-28 21:06:40.131 [0x01710cf0] INFO  root  - ################################################################
2021-12-28 21:06:43.595 [0x01710cf0] INFO  QDialog  - 普通模式被选中！
2021-12-28 21:06:45.005 [0x01710cf0] INFO  root  - ################################################################
2021-12-28 21:06:45.005 [0x01710cf0] INFO  root  -                                       LOG  STOP
2021-12-28 21:06:45.006 [0x01710cf0] INFO  root  - ################################################################
2021-12-28 22:22:55.428 [0x2dc90e80] INFO  root  - ################################################################
2021-12-28 22:22:55.428 [0x2dc90e80] INFO  root  -                                      LOG   START
2021-12-28 22:22:55.428 [0x2dc90e80] INFO  root  - ################################################################
2021-12-28 22:22:58.141 [0x2dc90e80] INFO  QDialog  - 普通模式被选中！
2021-12-28 22:23:35.761 [0x2dc90e80] INFO  putong  - 普通模式设置确定，科目：语文;索引值：0；考试开始结束时间：21:35:00-22:35:00
2021-12-28 22:23:35.933 [0x2dc90e80] INFO  bofang  - ??????è??è???????????K:/QT_Hook/ExamIns/build-ExamIns-Desktop_Qt_5_13_2_MinGW_32_bit-Debug/debug
2021-12-28 22:23:35.934 [0x2dc90e80] INFO  ExamInfo  - 当前考试科目：语文
2021-12-28 22:23:35.934 [0x2dc90e80] INFO  ExamInfo  - 展示下一条即将播放的指令相关内容！
2021-12-28 22:23:35.935 [0x2dc90e80] INFO  ExamInfo  - 指令播放列表初始化完毕，初始界面初始化结束！指令开始、结束时间：21:20:00――22:35:00
2021-12-28 22:23:35.935 [0x2dc90e80] INFO  ExamInfo  - 考试信息界面初始化完毕！
2021-12-28 22:23:35.935 [0x2dc90e80] INFO  ExamInfo  - Timer2 started;定时器开启！
2021-12-28 22:24:00.000 [0x2dc90e80] INFO  ExamInfo  - connect QTime t currentTime::22:24:00.000
2021-12-28 22:24:00.000 [0x2dc90e80] INFO  ExamInfo  - playIns QTime currTime:: 22:24:00.000
2021-12-28 22:25:00.000 [0x2dc90e80] INFO  ExamInfo  - connect QTime t currentTime::22:25:00.000
2021-12-28 22:25:00.000 [0x2dc90e80] INFO  ExamInfo  - playIns QTime currTime:: 22:25:00.000
2021-12-28 22:26:00.000 [0x2dc90e80] INFO  ExamInfo  - connect QTime t currentTime::22:26:00.000
2021-12-28 22:26:00.000 [0x2dc90e80] INFO  ExamInfo  - playIns QTime currTime:: 22:26:00.000
2021-12-28 22:27:00.000 [0x2dc90e80] INFO  ExamInfo  - connect QTime t currentTime::22:27:00.000
2021-12-28 22:27:00.000 [0x2dc90e80] INFO  ExamInfo  - playIns QTime currTime:: 22:27:00.000
2021-12-28 22:28:00.000 [0x2dc90e80] INFO  ExamInfo  - connect QTime t currentTime::22:28:00.000
2021-12-28 22:28:00.000 [0x2dc90e80] INFO  ExamInfo  - playIns QTime currTime:: 22:28:00.000
2021-12-28 22:30:00.000 [0x2dc90e80] INFO  ExamInfo  - connect QTime t currentTime::22:30:00.000
2021-12-28 22:30:00.000 [0x2dc90e80] INFO  ExamInfo  - playIns QTime currTime:: 22:30:00.000
2021-12-28 22:31:00.000 [0x2dc90e80] INFO  ExamInfo  - connect QTime t currentTime::22:31:00.000
2021-12-28 22:31:00.000 [0x2dc90e80] INFO  ExamInfo  - playIns QTime currTime:: 22:31:00.000
2021-12-28 22:32:00.000 [0x2dc90e80] INFO  ExamInfo  - connect QTime t currentTime::22:32:00.000
2021-12-28 22:32:00.000 [0x2dc90e80] INFO  ExamInfo  - playIns QTime currTime:: 22:32:00.000
2021-12-28 22:33:00.000 [0x2dc90e80] INFO  ExamInfo  - connect QTime t currentTime::22:33:00.000
2021-12-28 22:33:00.000 [0x2dc90e80] INFO  ExamInfo  - playIns QTime currTime:: 22:33:00.000
2021-12-28 22:34:00.000 [0x2dc90e80] INFO  ExamInfo  - connect QTime t currentTime::22:34:00.000
2021-12-28 22:34:00.000 [0x2dc90e80] INFO  ExamInfo  - playIns QTime currTime:: 22:34:00.000
2021-12-28 22:35:00.000 [0x2dc90e80] INFO  ExamInfo  - connect QTime t currentTime::22:35:00.000
2021-12-28 22:35:00.001 [0x2dc90e80] INFO  ExamInfo  - playIns QTime currTime:: 22:35:00.000
2021-12-28 22:35:00.007 [0x2dc90e80] INFO  ExamInfo  - 当前指令索引：7；播放时间：22:35:00；指令内容：（当科考试终止时）（铃声，长15秒）考试结束，请考生立即停笔，若有考生继续作答，监考员应及时制止并作违规处理，考生将受到取消本科目考试成绩的处理；请考生按照答题卡在上，其下依次为试卷、草稿纸的顺序整理好；整理好后，坐在自己的座位上，由监考员甲逐个验收考生答题卡、试卷、草稿纸后有秩序地退出考场。（间隔1分钟）请监考员清点、整理好所有考生的答题卡、试卷、草稿纸，将答题卡按准考证号从小到大装入答题卡原袋，将试卷装入试卷原袋，集中草稿纸，然后清理考场、关好门窗，由监考员甲、乙二人共同将考生答题卡、试卷、草稿纸和塑封袋从考场径直护送到答题卡回收室；请监考员清点、整理好所有考生的答题卡、试卷、草稿纸，将答题卡按准考证号从小到大装入答题卡原袋，将试卷装入试卷原袋，集中草稿纸，然后清理考场、关好门窗，由监考员甲、乙二人共同将考生答题卡、试卷、草稿纸和塑封袋从考场径直护送到答题卡回收室（音乐，长2分钟）。；音频文件：p10.mp3
2021-12-28 22:35:00.008 [0x2dc90e80] INFO  ExamInfo  - ExamInfo playMp3 filePath::Mp3/p10.mp3
2021-12-28 22:35:00.008 [0x2dc90e80] INFO  bofang  - QFile::exists::1;  QDir::currentPath()::K:/QT_Hook/ExamIns/build-ExamIns-Desktop_Qt_5_13_2_MinGW_32_bit-Debug    QUrl::fromLocalFile::file:Mp3/p10.mp3
2021-12-28 22:35:00.019 [0x2dc90e80] INFO  bofang  - player改变前status：0
2021-12-28 22:35:00.019 [0x2dc90e80] INFO  bofang  - 成功播放，文件地址为：file:Mp3/p10.mp3
2021-12-28 22:35:00.019 [0x2dc90e80] INFO  bofang  - player改变后status：1
2021-12-28 22:35:00.019 [0x2dc90e80] INFO  bofang  - *****************changeStatus状态改变分割线*****************
2021-12-28 22:35:18.853 [0x2dc90e80] INFO  root  - ################################################################
2021-12-28 22:35:18.853 [0x2dc90e80] INFO  root  -                                       LOG  STOP
2021-12-28 22:35:18.853 [0x2dc90e80] INFO  root  - ################################################################
