2021-12-15 20:43:43.548 [0x1d1df4e8] INFO  root  - 类Main开始运行!
2021-12-15 20:43:43.548 [0x1d1df4e8] INFO  Main  - Main 函数运行！
2021-12-15 20:43:43.774 [0x1d1df4e8] INFO  root  - 类高考、普通QDialog!开始运行!
2021-12-15 20:43:55.329 [0x1d1df4e8] INFO  QDialog  - 高考模式被选中！
2021-12-15 20:43:55.334 [0x1d1df4e8] INFO  root  - 类高考模式设置对话框！开始运行!
2021-12-15 20:43:56.645 [0x1d1df4e8] INFO  gaokao  - 高考模式设置，科目：语文，科目索引未：0
2021-12-15 20:43:57.337 [0x1d1df4e8] INFO  root  - 类BoFang播放开始运行!
2021-12-15 20:43:57.338 [0x1d1df4e8] INFO  root  - 类高考模式信息展示开始运行!
2021-12-15 20:43:57.338 [0x1d1df4e8] INFO  ExamInfo  - 当前科目：语文
2021-12-15 20:43:57.344 [0x1d1df4e8] INFO  ExamInfo  - 指令初始化完毕！
2021-12-15 20:43:57.344 [0x1d1df4e8] INFO  ExamInfo  - 指令播放开始时间：08:10:00指令播放结束时间：02:13:15
2021-12-15 20:43:57.344 [0x1d1df4e8] INFO  ExamInfo  - 考试信息界面初始化完毕！
2021-12-15 20:43:57.345 [0x1d1df4e8] INFO  ExamInfo  - 定时器开启！
2021-12-15 20:43:57.369 [0x1d1df4e8] INFO  root  - 类高考模式设置对话框！结束运行!
2021-12-15 20:44:17.665 [0x1d1df4e8] INFO  root  - 类ShowInfo开始运行!
2021-12-15 20:44:17.668 [0x1d1df4e8] INFO  root  - 类showInfo开始运行!
2021-12-15 20:44:18.136 [0x1d1df4e8] INFO  showInfo  - ??￥????????¤èˉ|??????
2021-12-15 20:44:19.838 [0x1d1df4e8] INFO  root  - 类ShowInfo结束运行!
2021-12-15 20:44:21.220 [0x1d1df4e8] INFO  root  - 类高考模式设置对话框！开始运行!
2021-12-15 20:44:29.958 [0x1d1df4e8] INFO  gaokao  - 高考模式设置，科目：数学，科目索引未：1
2021-12-15 20:44:29.968 [0x1d1df4e8] INFO  root  - 类BoFang播放开始运行!
2021-12-15 20:44:29.969 [0x1d1df4e8] INFO  root  - 类高考模式信息展示开始运行!
2021-12-15 20:44:29.969 [0x1d1df4e8] INFO  ExamInfo  - 当前科目：数学
2021-12-15 20:44:29.974 [0x1d1df4e8] INFO  ExamInfo  - 指令初始化完毕！
2021-12-15 20:44:29.974 [0x1d1df4e8] INFO  ExamInfo  - 指令播放开始时间：14:10:00指令播放结束时间：00:01:05
2021-12-15 20:44:29.974 [0x1d1df4e8] INFO  ExamInfo  - 考试信息界面初始化完毕！
2021-12-15 20:44:29.975 [0x1d1df4e8] INFO  ExamInfo  - 定时器开启！
2021-12-15 20:44:29.995 [0x1d1df4e8] INFO  root  - 类高考模式设置对话框！结束运行!
2021-12-15 21:38:40.410 [0x0178f688] INFO  root  - 类Main开始运行!
2021-12-15 21:38:40.411 [0x0178f688] INFO  Main  - Main 函数运行！
2021-12-15 21:38:40.443 [0x0178f688] INFO  root  - 类高考、普通QDialog!开始运行!
2021-12-15 21:38:58.948 [0x0178f688] INFO  QDialog  - 高考模式被选中！
2021-12-15 21:38:58.951 [0x0178f688] INFO  root  - 类高考模式设置对话框！开始运行!
2021-12-15 21:39:02.016 [0x0178f688] INFO  gaokao  - 高考模式设置，科目：数学，科目索引未：1
2021-12-15 21:39:02.202 [0x0178f688] INFO  root  - 类BoFang播放开始运行!
2021-12-15 21:39:02.203 [0x0178f688] INFO  root  - 类高考模式信息展示开始运行!
2021-12-15 21:39:02.203 [0x0178f688] INFO  ExamInfo  - 当前考试科目：数学
2021-12-15 21:39:02.209 [0x0178f688] INFO  ExamInfo  - 指令播放列表初始化完毕！
2021-12-15 21:39:02.209 [0x0178f688] INFO  ExamInfo  - 指令开始、结束时间：14:10:00――17:00:00
2021-12-15 21:39:02.210 [0x0178f688] INFO  ExamInfo  - 已到播放队列尾！
2021-12-15 21:39:02.211 [0x0178f688] INFO  ExamInfo  - 考试信息界面初始化完毕！
2021-12-15 21:39:02.211 [0x0178f688] INFO  ExamInfo  - 定时器开启！
2021-12-15 21:39:02.231 [0x0178f688] INFO  root  - 类高考模式设置对话框！结束运行!
2021-12-15 21:39:06.426 [0x0178f688] INFO  root  - 类ShowInfo开始运行!
2021-12-15 21:39:06.429 [0x0178f688] INFO  root  - 类showInfo开始运行!
2021-12-15 21:39:06.929 [0x0178f688] INFO  showInfo  - 查看指令详情！
2021-12-15 21:39:10.917 [0x0178f688] INFO  root  - 类ShowInfo结束运行!
2021-12-15 21:39:12.815 [0x0178f688] INFO  root  - 类高考模式设置对话框！开始运行!
2021-12-15 21:39:15.448 [0x0178f688] INFO  gaokao  - 高考模式设置，科目：理科综合/文科综合，科目索引未：2
2021-12-15 21:39:15.458 [0x0178f688] INFO  root  - 类BoFang播放开始运行!
2021-12-15 21:39:15.459 [0x0178f688] INFO  root  - 类高考模式信息展示开始运行!
2021-12-15 21:39:15.459 [0x0178f688] INFO  ExamInfo  - 当前考试科目：理科综合/文科综合
2021-12-15 21:39:15.464 [0x0178f688] INFO  ExamInfo  - 指令播放列表初始化完毕！
2021-12-15 21:39:15.464 [0x0178f688] INFO  ExamInfo  - 指令开始、结束时间：08:10:00――11:30:00
2021-12-15 21:39:15.464 [0x0178f688] INFO  ExamInfo  - 已到播放队列尾！
2021-12-15 21:39:15.465 [0x0178f688] INFO  ExamInfo  - 考试信息界面初始化完毕！
2021-12-15 21:39:15.465 [0x0178f688] INFO  ExamInfo  - 定时器开启！
2021-12-15 21:39:15.490 [0x0178f688] INFO  root  - 类高考模式设置对话框！结束运行!
2021-12-15 21:39:17.058 [0x0178f688] INFO  root  - 类ShowInfo开始运行!
2021-12-15 21:39:17.060 [0x0178f688] INFO  root  - 类showInfo开始运行!
2021-12-15 21:39:17.543 [0x0178f688] INFO  showInfo  - 查看指令详情！
2021-12-15 21:39:18.973 [0x0178f688] INFO  root  - 类ShowInfo结束运行!
2021-12-15 21:39:20.583 [0x0178f688] INFO  root  - 类高考模式设置对话框！开始运行!
2021-12-15 21:39:23.120 [0x0178f688] INFO  gaokao  - 高考模式设置，科目：外语，科目索引未：3
2021-12-15 21:39:23.130 [0x0178f688] INFO  root  - 类BoFang播放开始运行!
2021-12-15 21:39:23.131 [0x0178f688] INFO  root  - 类高考模式信息展示开始运行!
2021-12-15 21:39:23.131 [0x0178f688] INFO  ExamInfo  - 当前考试科目：外语
2021-12-15 21:39:23.137 [0x0178f688] INFO  ExamInfo  - 指令播放列表初始化完毕！
2021-12-15 21:39:23.138 [0x0178f688] INFO  ExamInfo  - 指令开始、结束时间：14:10:00――17:00:00
2021-12-15 21:39:23.138 [0x0178f688] INFO  ExamInfo  - 已到播放队列尾！
2021-12-15 21:39:23.138 [0x0178f688] INFO  ExamInfo  - 考试信息界面初始化完毕！
2021-12-15 21:39:23.138 [0x0178f688] INFO  ExamInfo  - 定时器开启！
2021-12-15 21:39:23.162 [0x0178f688] INFO  root  - 类高考模式设置对话框！结束运行!
2021-12-15 21:39:24.066 [0x0178f688] INFO  root  - 类ShowInfo开始运行!
2021-12-15 21:39:24.069 [0x0178f688] INFO  root  - 类showInfo开始运行!
2021-12-15 21:39:24.552 [0x0178f688] INFO  showInfo  - 查看指令详情！
2021-12-15 21:39:25.697 [0x0178f688] INFO  root  - 类ShowInfo结束运行!
2021-12-15 21:39:27.098 [0x0178f688] INFO  root  - 类高考模式设置对话框！开始运行!
2021-12-15 21:39:28.670 [0x0178f688] INFO  root  - 类高考模式设置对话框！结束运行!
2021-12-15 21:43:29.591 [0x2913f788] INFO  root  - 类Main开始运行!
2021-12-15 21:43:29.591 [0x2913f788] INFO  Main  - Main 函数运行！
2021-12-15 21:43:29.622 [0x2913f788] INFO  root  - 类高考、普通QDialog!开始运行!
2021-12-15 21:43:31.249 [0x2913f788] INFO  QDialog  - 高考模式被选中！
2021-12-15 21:43:31.252 [0x2913f788] INFO  root  - 类高考模式设置对话框！开始运行!
2021-12-15 21:43:32.301 [0x2913f788] INFO  gaokao  - 高考模式设置，科目：语文，科目索引未：0
2021-12-15 21:43:32.469 [0x2913f788] INFO  root  - 类BoFang播放开始运行!
2021-12-15 21:43:32.470 [0x2913f788] INFO  root  - 类高考模式信息展示开始运行!
2021-12-15 21:43:32.470 [0x2913f788] INFO  ExamInfo  - 当前考试科目：语文
2021-12-15 21:43:32.475 [0x2913f788] INFO  ExamInfo  - 指令播放列表初始化完毕！
2021-12-15 21:43:32.475 [0x2913f788] INFO  ExamInfo  - 指令开始、结束时间：08:10:00――11:30:00
2021-12-15 21:43:32.477 [0x2913f788] INFO  ExamInfo  - 已到播放队列尾！
2021-12-15 21:43:32.477 [0x2913f788] INFO  ExamInfo  - 考试信息界面初始化完毕！
2021-12-15 21:43:32.477 [0x2913f788] INFO  ExamInfo  - 定时器开启！
2021-12-15 21:43:32.498 [0x2913f788] INFO  root  - 类高考模式设置对话框！结束运行!
2021-12-15 21:43:34.860 [0x2913f788] INFO  root  - 类高考模式设置对话框！开始运行!
2021-12-15 21:43:36.106 [0x2913f788] INFO  root  - 类高考模式设置对话框！结束运行!
