2021-12-22 22:04:19.765 [0x27740d40] INFO  Main  - Main 函数运行！
2021-12-22 22:04:21.680 [0x27740d40] INFO  QDialog  - 普通模式被选中！
2021-12-22 22:04:24.644 [0x27740d40] INFO  putong  - 科目改变，索引-科目13   其他
2021-12-22 22:04:34.410 [0x27740d40] INFO  putong  - 普通模式设置确定，科目：其他;索引未：13；考试开始结束时间：22:20:00-23:20:00
2021-12-22 22:04:34.700 [0x27740d40] INFO  ExamInfo  - 当前考试科目：其他
2021-12-22 22:04:34.700 [0x27740d40] INFO  ExamInfo  - 指令播放列表初始化完毕！指令开始、结束时间：22:05:00――23:20:00
2021-12-22 22:04:34.700 [0x27740d40] INFO  ExamInfo  - 展示即将播放的指令相关内容！
2021-12-22 22:04:34.701 [0x27740d40] INFO  ExamInfo  - 考试信息界面初始化完毕！
2021-12-22 22:04:34.702 [0x27740d40] INFO  ExamInfo  - Timer2 started;定时器开启！
2021-12-22 22:05:00.007 [0x27740d40] INFO  bofang  - QDir::currentPath()::K:/QT_Hook/ExamIns/build-ExamIns-Desktop_Qt_5_13_2_MinGW_32_bit-Debug    QUrl::fromLocalFile::file:Mp3/p3.mp3
2021-12-22 22:05:00.020 [0x27740d40] INFO  bofang  - 成功播放，文件地址为：file:Mp3/p3.mp3
2021-12-22 22:08:51.588 [0x27740d40] INFO  bofang  - 指令播放结束，文件地址为：file:Mp3/p3.mp3
2021-12-22 22:09:00.000 [0x27740d40] INFO  bofang  - QDir::currentPath()::K:/QT_Hook/ExamIns/build-ExamIns-Desktop_Qt_5_13_2_MinGW_32_bit-Debug    QUrl::fromLocalFile::file:Mp3/p4.mp3
2021-12-22 22:09:00.020 [0x27740d40] INFO  bofang  - 成功播放，文件地址为：file:Mp3/p4.mp3
2021-12-22 22:09:11.599 [0x27740d40] INFO  bofang  - 指令播放结束，文件地址为：file:Mp3/p4.mp3
2021-12-22 22:10:00.007 [0x27740d40] INFO  bofang  - QDir::currentPath()::K:/QT_Hook/ExamIns/build-ExamIns-Desktop_Qt_5_13_2_MinGW_32_bit-Debug    QUrl::fromLocalFile::file:Mp3/p5.mp3
2021-12-22 22:10:00.024 [0x27740d40] INFO  bofang  - 成功播放，文件地址为：file:Mp3/p5.mp3
2021-12-22 22:12:37.084 [0x27740d40] INFO  bofang  - 指令播放结束，文件地址为：file:Mp3/p5.mp3
2021-12-22 22:15:00.004 [0x27740d40] INFO  bofang  - QDir::currentPath()::K:/QT_Hook/ExamIns/build-ExamIns-Desktop_Qt_5_13_2_MinGW_32_bit-Debug    QUrl::fromLocalFile::file:Mp3/p6.mp3
2021-12-22 22:15:00.024 [0x27740d40] INFO  bofang  - 成功播放，文件地址为：file:Mp3/p6.mp3
2021-12-22 22:16:36.141 [0x27740d40] INFO  bofang  - 指令播放结束，文件地址为：file:Mp3/p6.mp3
2021-12-22 22:18:24.878 [0x01670cf0] INFO  Main  - Main 函数运行！
2021-12-22 22:18:26.792 [0x01670cf0] INFO  QDialog  - 普通模式被选中！
2021-12-22 22:18:29.188 [0x01670cf0] INFO  putong  - 科目改变，索引-科目13   其他
2021-12-22 22:18:46.923 [0x01670cf0] INFO  putong  - 普通模式设置确定，科目：其他;索引未：13；考试开始结束时间：22:34:00-23:34:00
2021-12-22 22:18:47.107 [0x01670cf0] INFO  ExamInfo  - 当前考试科目：其他
2021-12-22 22:18:47.108 [0x01670cf0] INFO  ExamInfo  - 指令播放列表初始化完毕！指令开始、结束时间：22:19:00――23:34:00
2021-12-22 22:18:47.108 [0x01670cf0] INFO  ExamInfo  - 展示即将播放的指令相关内容！
2021-12-22 22:18:47.108 [0x01670cf0] INFO  ExamInfo  - 考试信息界面初始化完毕！
2021-12-22 22:18:47.108 [0x01670cf0] INFO  ExamInfo  - Timer2 started;定时器开启！
2021-12-22 22:21:30.910 [0x01670cf0] INFO  putong  - 普通模式设置确定，科目：语文;索引未：0；考试开始结束时间：08:00:00-10:30:00
2021-12-22 22:21:30.921 [0x01670cf0] INFO  ExamInfo  - 当前考试科目：语文
2021-12-22 22:21:30.921 [0x01670cf0] INFO  ExamInfo  - 指令播放列表初始化完毕！指令开始、结束时间：07:45:00――10:30:00
2021-12-22 22:21:30.922 [0x01670cf0] INFO  ExamInfo  - 已到播放队列尾！
2021-12-22 22:21:30.922 [0x01670cf0] INFO  ExamInfo  - 考试信息界面初始化完毕！
2021-12-22 22:21:30.922 [0x01670cf0] INFO  ExamInfo  - Timer2 started;定时器开启！
2021-12-22 22:28:27.622 [0x00d80c80] INFO  Main  - Main 函数运行！
2021-12-22 22:28:30.019 [0x00d80c80] INFO  QDialog  - 普通模式被选中！
2021-12-22 22:28:31.983 [0x00d80c80] INFO  putong  - 科目改变，索引-科目13   其他
2021-12-22 22:28:47.078 [0x00d80c80] INFO  putong  - 普通模式设置确定，科目：其他;索引未：13；考试开始结束时间：22:44:00-23:44:00
2021-12-22 22:28:47.248 [0x00d80c80] INFO  ExamInfo  - 当前考试科目：其他
2021-12-22 22:28:47.248 [0x00d80c80] INFO  ExamInfo  - 指令播放列表初始化完毕！指令开始、结束时间：22:29:00――23:44:00
2021-12-22 22:28:47.248 [0x00d80c80] INFO  ExamInfo  - 展示即将播放的指令相关内容！
2021-12-22 22:28:47.249 [0x00d80c80] INFO  ExamInfo  - 考试信息界面初始化完毕！
2021-12-22 22:28:47.249 [0x00d80c80] INFO  ExamInfo  - Timer2 started;定时器开启！
2021-12-22 22:33:00.001 [0x00d80c80] INFO  bofang  - QDir::currentPath()::K:/QT_Hook/ExamIns/build-ExamIns-Desktop_Qt_5_13_2_MinGW_32_bit-Debug    QUrl::fromLocalFile::file:Mp3/p4.mp3
2021-12-22 22:33:00.011 [0x00d80c80] INFO  bofang  - 指令播放结束，文件地址为：file:Mp3/p4.mp3
2021-12-22 22:33:00.021 [0x00d80c80] INFO  bofang  - 成功播放，文件地址为：file:Mp3/p4.mp3
2021-12-22 22:33:11.600 [0x00d80c80] INFO  bofang  - 指令播放结束，文件地址为：file:Mp3/p4.mp3
2021-12-22 22:34:00.008 [0x00d80c80] INFO  bofang  - QDir::currentPath()::K:/QT_Hook/ExamIns/build-ExamIns-Desktop_Qt_5_13_2_MinGW_32_bit-Debug    QUrl::fromLocalFile::file:Mp3/p5.mp3
2021-12-22 22:34:00.029 [0x00d80c80] INFO  bofang  - 成功播放，文件地址为：file:Mp3/p5.mp3
2021-12-22 22:34:09.920 [0x29290bc0] INFO  Main  - Main 函数运行！
2021-12-22 22:34:12.713 [0x29290bc0] INFO  QDialog  - 普通模式被选中！
2021-12-22 22:34:14.686 [0x29290bc0] INFO  putong  - 科目改变，索引-科目13   其他
2021-12-22 22:34:27.541 [0x29290bc0] INFO  putong  - 普通模式设置确定，科目：其他;索引未：13；考试开始结束时间：22:50:00-23:50:00
2021-12-22 22:34:27.727 [0x29290bc0] INFO  ExamInfo  - 当前考试科目：其他
2021-12-22 22:34:27.727 [0x29290bc0] INFO  ExamInfo  - 指令播放列表初始化完毕！指令开始、结束时间：22:35:00――23:50:00
2021-12-22 22:34:27.727 [0x29290bc0] INFO  ExamInfo  - 展示即将播放的指令相关内容！
2021-12-22 22:34:27.728 [0x29290bc0] INFO  ExamInfo  - 考试信息界面初始化完毕！
2021-12-22 22:34:27.728 [0x29290bc0] INFO  ExamInfo  - Timer2 started;定时器开启！
2021-12-22 22:34:55.353 [0x29260b10] INFO  Main  - Main 函数运行！
2021-12-22 22:34:58.227 [0x29260b10] INFO  QDialog  - 普通模式被选中！
2021-12-22 22:35:01.094 [0x29260b10] INFO  putong  - 科目改变，索引-科目13   其他
2021-12-22 22:35:11.876 [0x29260b10] INFO  putong  - 普通模式设置确定，科目：其他;索引未：13；考试开始结束时间：22:51:00-23:51:00
2021-12-22 22:35:12.043 [0x29260b10] INFO  ExamInfo  - 当前考试科目：其他
2021-12-22 22:35:12.043 [0x29260b10] INFO  ExamInfo  - 指令播放列表初始化完毕！指令开始、结束时间：22:36:00――23:51:00
2021-12-22 22:35:12.043 [0x29260b10] INFO  ExamInfo  - 展示即将播放的指令相关内容！
2021-12-22 22:35:12.044 [0x29260b10] INFO  ExamInfo  - 考试信息界面初始化完毕！
2021-12-22 22:35:12.044 [0x29260b10] INFO  ExamInfo  - Timer2 started;定时器开启！
2021-12-22 22:36:00.008 [0x29260b10] INFO  bofang  - QDir::currentPath()::K:/QT_Hook/ExamIns/build-ExamIns-Desktop_Qt_5_13_2_MinGW_32_bit-Debug    QUrl::fromLocalFile::file:Mp3/p3.mp3
2021-12-22 22:36:00.021 [0x29260b10] INFO  bofang  - 成功播放，文件地址为：file:Mp3/p3.mp3
2021-12-22 22:36:04.015 [0x29260b10] INFO  putong  - 普通模式设置确定，科目：语文;索引未：0；考试开始结束时间：08:00:00-10:30:00
2021-12-22 22:36:04.026 [0x29260b10] INFO  ExamInfo  - 当前考试科目：语文
2021-12-22 22:36:04.026 [0x29260b10] INFO  ExamInfo  - 指令播放列表初始化完毕！指令开始、结束时间：07:45:00――10:30:00
2021-12-22 22:36:04.026 [0x29260b10] INFO  ExamInfo  - 已到播放队列尾！
2021-12-22 22:36:04.026 [0x29260b10] INFO  ExamInfo  - 考试信息界面初始化完毕！
2021-12-22 22:36:04.026 [0x29260b10] INFO  ExamInfo  - Timer2 started;定时器开启！
2021-12-22 22:36:16.062 [0x29260b10] INFO  putong  - 普通模式设置确定，科目：语文;索引未：0；考试开始结束时间：08:00:00-10:30:00
2021-12-22 22:36:16.073 [0x29260b10] INFO  ExamInfo  - 当前考试科目：语文
2021-12-22 22:36:16.073 [0x29260b10] INFO  ExamInfo  - 指令播放列表初始化完毕！指令开始、结束时间：07:45:00――10:30:00
2021-12-22 22:36:16.073 [0x29260b10] INFO  ExamInfo  - 已到播放队列尾！
2021-12-22 22:36:16.074 [0x29260b10] INFO  ExamInfo  - 考试信息界面初始化完毕！
2021-12-22 22:36:16.074 [0x29260b10] INFO  ExamInfo  - Timer2 started;定时器开启！
2021-12-22 22:36:21.502 [0x29260b10] INFO  putong  - 普通模式设置确定，科目：语文;索引未：0；考试开始结束时间：08:00:00-10:30:00
2021-12-22 22:36:21.513 [0x29260b10] INFO  ExamInfo  - 当前考试科目：语文
2021-12-22 22:36:21.513 [0x29260b10] INFO  ExamInfo  - 指令播放列表初始化完毕！指令开始、结束时间：07:45:00――10:30:00
2021-12-22 22:36:21.514 [0x29260b10] INFO  ExamInfo  - 已到播放队列尾！
2021-12-22 22:36:21.514 [0x29260b10] INFO  ExamInfo  - 考试信息界面初始化完毕！
2021-12-22 22:36:21.514 [0x29260b10] INFO  ExamInfo  - Timer2 started;定时器开启！
2021-12-22 22:36:32.370 [0x29260b10] INFO  showInfo  - 查看指令详情！
2021-12-22 22:36:39.781 [0x29260b10] INFO  showInfo  - 查看指令详情！
2021-12-22 22:40:20.593 [0x00ec0e00] INFO  Main  - Main 函数运行！
2021-12-22 22:40:24.127 [0x00ec0e00] INFO  QDialog  - 普通模式被选中！
2021-12-22 22:40:25.658 [0x00ec0e00] INFO  putong  - 普通模式设置确定，科目：语文;索引未：0；考试开始结束时间：08:00:00-10:30:00
2021-12-22 22:40:25.835 [0x00ec0e00] INFO  ExamInfo  - 当前考试科目：语文
2021-12-22 22:40:25.835 [0x00ec0e00] INFO  ExamInfo  - 指令播放列表初始化完毕！指令开始、结束时间：07:45:00――10:30:00
2021-12-22 22:40:25.836 [0x00ec0e00] INFO  ExamInfo  - 已到播放队列尾！
2021-12-22 22:40:25.836 [0x00ec0e00] INFO  ExamInfo  - 考试信息界面初始化完毕！
2021-12-22 22:40:25.836 [0x00ec0e00] INFO  ExamInfo  - Timer2 started;定时器开启！
2021-12-22 22:45:02.131 [0x29280c20] INFO  Main  - Main 函数运行！
2021-12-22 22:45:04.389 [0x29280c20] INFO  QDialog  - 普通模式被选中！
2021-12-22 22:45:07.105 [0x29280c20] INFO  putong  - 科目改变，索引-科目13   其他
2021-12-22 22:45:51.908 [0x29280c20] INFO  putong  - 考试时间配置错误，考试开始时间大于结束时间！
2021-12-22 22:46:01.741 [0x29280c20] INFO  putong  - 考试时间配置错误，考试开始时间大于结束时间！
2021-12-22 22:46:24.266 [0x29280c20] INFO  putong  - 普通模式设置确定，科目：其他;索引未：13；考试开始结束时间：22:02:00-23:02:00
2021-12-22 22:46:24.448 [0x29280c20] INFO  ExamInfo  - 当前考试科目：其他
2021-12-22 22:46:24.448 [0x29280c20] INFO  ExamInfo  - 指令播放列表初始化完毕！指令开始、结束时间：21:47:00――23:02:00
2021-12-22 22:46:24.448 [0x29280c20] INFO  ExamInfo  - 展示下一条即将播放的指令相关内容！
2021-12-22 22:46:24.449 [0x29280c20] INFO  ExamInfo  - 考试信息界面初始化完毕！
2021-12-22 22:46:24.449 [0x29280c20] INFO  ExamInfo  - Timer2 started;定时器开启！
2021-12-22 22:47:00.001 [0x29280c20] INFO  bofang  - QDir::currentPath()::K:/QT_Hook/ExamIns/build-ExamIns-Desktop_Qt_5_13_2_MinGW_32_bit-Debug    QUrl::fromLocalFile::file:Mp3/p9.mp3
2021-12-22 22:47:00.015 [0x29280c20] INFO  bofang  - 成功播放，文件地址为：file:Mp3/p9.mp3
2021-12-22 22:47:09.105 [0x29280c20] INFO  bofang  - 指令播放结束，文件地址为：file:Mp3/p9.mp3
2021-12-22 22:47:39.917 [0x27720b60] INFO  Main  - Main 函数运行！
2021-12-22 22:47:42.176 [0x27720b60] INFO  QDialog  - 普通模式被选中！
2021-12-22 22:47:44.411 [0x27720b60] INFO  putong  - 科目改变，索引-科目13   其他
2021-12-22 22:48:01.699 [0x27720b60] INFO  putong  - 普通模式设置确定，科目：其他;索引未：13；考试开始结束时间：22:05:00-23:05:00
2021-12-22 22:48:01.871 [0x27720b60] INFO  ExamInfo  - 当前考试科目：其他
2021-12-22 22:48:01.871 [0x27720b60] INFO  ExamInfo  - 指令播放列表初始化完毕！指令开始、结束时间：21:50:00――23:05:00
2021-12-22 22:48:01.871 [0x27720b60] INFO  ExamInfo  - 展示下一条即将播放的指令相关内容！
2021-12-22 22:48:01.872 [0x27720b60] INFO  ExamInfo  - 考试信息界面初始化完毕！
2021-12-22 22:48:01.872 [0x27720b60] INFO  ExamInfo  - Timer2 started;定时器开启！
2021-12-22 22:50:00.001 [0x27720b60] INFO  bofang  - QDir::currentPath()::K:/QT_Hook/ExamIns/build-ExamIns-Desktop_Qt_5_13_2_MinGW_32_bit-Debug    QUrl::fromLocalFile::file:Mp3/p9.mp3
2021-12-22 22:50:00.014 [0x27720b60] INFO  bofang  - 成功播放，文件地址为：file:Mp3/p9.mp3
2021-12-22 22:50:09.112 [0x27720b60] INFO  bofang  - 指令播放结束，文件地址为：file:Mp3/p9.mp3
2021-12-22 22:54:47.515 [0x27630bc0] INFO  Main  - Main 函数运行！
2021-12-22 22:54:49.440 [0x27630bc0] INFO  QDialog  - 普通模式被选中！
2021-12-22 22:54:51.932 [0x27630bc0] INFO  putong  - 科目改变，索引-科目13   其他
2021-12-22 22:55:08.123 [0x27630bc0] INFO  putong  - 普通模式设置确定，科目：其他;索引未：13；考试开始结束时间：22:30:00-23:30:00
2021-12-22 22:55:08.297 [0x27630bc0] INFO  ExamInfo  - 当前考试科目：其他
2021-12-22 22:55:08.297 [0x27630bc0] INFO  ExamInfo  - 指令播放列表初始化完毕！指令开始、结束时间：22:15:00――23:30:00
2021-12-22 22:55:08.297 [0x27630bc0] INFO  ExamInfo  - 展示下一条即将播放的指令相关内容！
2021-12-22 22:55:08.298 [0x27630bc0] INFO  ExamInfo  - 考试信息界面初始化完毕！
2021-12-22 22:55:08.298 [0x27630bc0] INFO  ExamInfo  - Timer2 started;定时器开启！
2021-12-22 22:56:36.988 [0x054a0d70] INFO  Main  - Main 函数运行！
2021-12-22 22:56:38.779 [0x054a0d70] INFO  QDialog  - 普通模式被选中！
2021-12-22 22:56:40.710 [0x054a0d70] INFO  putong  - 科目改变，索引-科目13   其他
2021-12-22 22:56:58.101 [0x054a0d70] INFO  putong  - 普通模式设置确定，科目：其他;索引未：13；考试开始结束时间：22:40:00-23:40:00
2021-12-22 22:56:58.282 [0x054a0d70] INFO  ExamInfo  - 当前考试科目：其他
2021-12-22 22:56:58.282 [0x054a0d70] INFO  ExamInfo  - 指令播放列表初始化完毕！指令开始、结束时间：22:25:00――23:40:00
2021-12-22 22:56:58.282 [0x054a0d70] INFO  ExamInfo  - 展示下一条即将播放的指令相关内容！
2021-12-22 22:56:58.283 [0x054a0d70] INFO  ExamInfo  - 考试信息界面初始化完毕！
2021-12-22 22:56:58.283 [0x054a0d70] INFO  ExamInfo  - Timer2 started;定时器开启！
2021-12-22 23:03:03.348 [0x29160e20] INFO  Main  - Main 函数运行！
2021-12-22 23:03:05.137 [0x29160e20] INFO  QDialog  - 普通模式被选中！
2021-12-22 23:03:18.740 [0x29160e20] INFO  putong  - 普通模式设置确定，科目：语文;索引未：0；考试开始结束时间：22:50:00-23:50:00
2021-12-22 23:03:18.911 [0x29160e20] INFO  ExamInfo  - 当前考试科目：语文
2021-12-22 23:03:18.911 [0x29160e20] INFO  ExamInfo  - 指令播放列表初始化完毕！指令开始、结束时间：22:35:00――23:50:00
2021-12-22 23:03:18.911 [0x29160e20] INFO  ExamInfo  - 展示下一条即将播放的指令相关内容！
2021-12-22 23:03:18.912 [0x29160e20] INFO  ExamInfo  - 考试信息界面初始化完毕！
2021-12-22 23:03:18.912 [0x29160e20] INFO  ExamInfo  - Timer2 started;定时器开启！
2021-12-22 23:03:42.572 [0x29160e20] INFO  putong  - 普通模式设置确定，科目：语文;索引未：0；考试开始结束时间：22:55:00-23:55:00
2021-12-22 23:03:42.583 [0x29160e20] INFO  ExamInfo  - 当前考试科目：语文
2021-12-22 23:03:42.583 [0x29160e20] INFO  ExamInfo  - 指令播放列表初始化完毕！指令开始、结束时间：22:40:00――23:55:00
2021-12-22 23:03:42.583 [0x29160e20] INFO  ExamInfo  - 展示下一条即将播放的指令相关内容！
2021-12-22 23:03:42.584 [0x29160e20] INFO  ExamInfo  - 考试信息界面初始化完毕！
2021-12-22 23:03:42.584 [0x29160e20] INFO  ExamInfo  - Timer2 started;定时器开启！
2021-12-22 23:04:09.973 [0x29160e20] INFO  putong  - 普通模式设置确定，科目：语文;索引未：0；考试开始结束时间：22:46:00-23:46:00
2021-12-22 23:04:09.985 [0x29160e20] INFO  ExamInfo  - 当前考试科目：语文
2021-12-22 23:04:09.985 [0x29160e20] INFO  ExamInfo  - 指令播放列表初始化完毕！指令开始、结束时间：22:31:00――23:46:00
2021-12-22 23:04:09.985 [0x29160e20] INFO  ExamInfo  - 展示下一条即将播放的指令相关内容！
2021-12-22 23:04:09.985 [0x29160e20] INFO  ExamInfo  - 考试信息界面初始化完毕！
2021-12-22 23:04:09.985 [0x29160e20] INFO  ExamInfo  - Timer2 started;定时器开启！
2021-12-22 23:04:33.353 [0x29210b40] INFO  Main  - Main 函数运行！
2021-12-22 23:04:35.619 [0x29210b40] INFO  QDialog  - 普通模式被选中！
2021-12-22 23:04:47.326 [0x29210b40] INFO  putong  - 普通模式设置确定，科目：语文;索引未：0；考试开始结束时间：22:36:00-23:36:00
2021-12-22 23:04:47.493 [0x29210b40] INFO  ExamInfo  - 当前考试科目：语文
2021-12-22 23:04:47.493 [0x29210b40] INFO  ExamInfo  - 指令播放列表初始化完毕！指令开始、结束时间：22:21:00――23:36:00
2021-12-22 23:04:47.493 [0x29210b40] INFO  ExamInfo  - 展示下一条即将播放的指令相关内容！
2021-12-22 23:04:47.494 [0x29210b40] INFO  ExamInfo  - 考试信息界面初始化完毕！
2021-12-22 23:04:47.494 [0x29210b40] INFO  ExamInfo  - Timer2 started;定时器开启！
2021-12-22 23:08:19.917 [0x29210b40] INFO  putong  - 考试时间配置错误，考试开始时间大于结束时间！
2021-12-22 23:14:22.224 [0x05460b70] INFO  Main  - Main 函数运行！
2021-12-22 23:14:24.357 [0x05460b70] INFO  QDialog  - 普通模式被选中！
2021-12-22 23:14:25.408 [0x05460b70] INFO  putong  - 普通模式设置确定，科目：语文;索引未：0；考试开始结束时间：08:00:00-10:30:00
2021-12-22 23:14:25.592 [0x05460b70] INFO  ExamInfo  - 当前考试科目：语文
2021-12-22 23:14:25.593 [0x05460b70] INFO  ExamInfo  - 指令播放列表初始化完毕！指令开始、结束时间：07:45:00――10:30:00
2021-12-22 23:14:25.593 [0x05460b70] INFO  ExamInfo  - 已到播放队列尾！
2021-12-22 23:14:25.593 [0x05460b70] INFO  ExamInfo  - 考试信息界面初始化完毕！
2021-12-22 23:14:25.593 [0x05460b70] INFO  ExamInfo  - Timer2 started;定时器开启！
2021-12-22 23:14:45.249 [0x05460b70] INFO  putong  - 普通模式设置确定，科目：语文;索引未：0；考试开始结束时间：08:00:00-10:30:00
2021-12-22 23:14:45.261 [0x05460b70] INFO  ExamInfo  - 当前考试科目：语文
2021-12-22 23:14:45.261 [0x05460b70] INFO  ExamInfo  - 指令播放列表初始化完毕！指令开始、结束时间：07:45:00――10:30:00
2021-12-22 23:14:45.261 [0x05460b70] INFO  ExamInfo  - 已到播放队列尾！
2021-12-22 23:14:45.261 [0x05460b70] INFO  ExamInfo  - 考试信息界面初始化完毕！
2021-12-22 23:14:45.262 [0x05460b70] INFO  ExamInfo  - Timer2 started;定时器开启！
2021-12-22 23:14:47.296 [0x05460b70] INFO  putong  - 普通模式设置确定，科目：语文;索引未：0；考试开始结束时间：08:00:00-10:30:00
2021-12-22 23:14:47.307 [0x05460b70] INFO  ExamInfo  - 当前考试科目：语文
2021-12-22 23:14:47.307 [0x05460b70] INFO  ExamInfo  - 指令播放列表初始化完毕！指令开始、结束时间：07:45:00――10:30:00
2021-12-22 23:14:47.308 [0x05460b70] INFO  ExamInfo  - 已到播放队列尾！
2021-12-22 23:14:47.308 [0x05460b70] INFO  ExamInfo  - 考试信息界面初始化完毕！
2021-12-22 23:14:47.308 [0x05460b70] INFO  ExamInfo  - Timer2 started;定时器开启！
2021-12-22 23:14:49.297 [0x05460b70] INFO  putong  - 普通模式设置确定，科目：语文;索引未：0；考试开始结束时间：08:00:00-10:30:00
2021-12-22 23:14:49.308 [0x05460b70] INFO  ExamInfo  - 当前考试科目：语文
2021-12-22 23:14:49.308 [0x05460b70] INFO  ExamInfo  - 指令播放列表初始化完毕！指令开始、结束时间：07:45:00――10:30:00
2021-12-22 23:14:49.308 [0x05460b70] INFO  ExamInfo  - 已到播放队列尾！
2021-12-22 23:14:49.308 [0x05460b70] INFO  ExamInfo  - 考试信息界面初始化完毕！
2021-12-22 23:14:49.308 [0x05460b70] INFO  ExamInfo  - Timer2 started;定时器开启！
2021-12-22 23:14:51.121 [0x05460b70] INFO  putong  - 普通模式设置确定，科目：语文;索引未：0；考试开始结束时间：08:00:00-10:30:00
2021-12-22 23:14:51.132 [0x05460b70] INFO  ExamInfo  - 当前考试科目：语文
2021-12-22 23:14:51.132 [0x05460b70] INFO  ExamInfo  - 指令播放列表初始化完毕！指令开始、结束时间：07:45:00――10:30:00
2021-12-22 23:14:51.132 [0x05460b70] INFO  ExamInfo  - 已到播放队列尾！
2021-12-22 23:14:51.132 [0x05460b70] INFO  ExamInfo  - 考试信息界面初始化完毕！
2021-12-22 23:14:51.132 [0x05460b70] INFO  ExamInfo  - Timer2 started;定时器开启！
2021-12-22 23:14:52.665 [0x05460b70] INFO  putong  - 普通模式设置确定，科目：语文;索引未：0；考试开始结束时间：08:00:00-10:30:00
2021-12-22 23:14:52.676 [0x05460b70] INFO  ExamInfo  - 当前考试科目：语文
2021-12-22 23:14:52.676 [0x05460b70] INFO  ExamInfo  - 指令播放列表初始化完毕！指令开始、结束时间：07:45:00――10:30:00
2021-12-22 23:14:52.676 [0x05460b70] INFO  ExamInfo  - 已到播放队列尾！
2021-12-22 23:14:52.676 [0x05460b70] INFO  ExamInfo  - 考试信息界面初始化完毕！
2021-12-22 23:14:52.676 [0x05460b70] INFO  ExamInfo  - Timer2 started;定时器开启！
2021-12-22 23:14:54.017 [0x05460b70] INFO  putong  - 普通模式设置确定，科目：语文;索引未：0；考试开始结束时间：08:00:00-10:30:00
2021-12-22 23:14:54.029 [0x05460b70] INFO  ExamInfo  - 当前考试科目：语文
2021-12-22 23:14:54.029 [0x05460b70] INFO  ExamInfo  - 指令播放列表初始化完毕！指令开始、结束时间：07:45:00――10:30:00
2021-12-22 23:14:54.029 [0x05460b70] INFO  ExamInfo  - 已到播放队列尾！
2021-12-22 23:14:54.029 [0x05460b70] INFO  ExamInfo  - 考试信息界面初始化完毕！
2021-12-22 23:14:54.029 [0x05460b70] INFO  ExamInfo  - Timer2 started;定时器开启！
2021-12-22 23:14:55.201 [0x05460b70] INFO  putong  - 普通模式设置确定，科目：语文;索引未：0；考试开始结束时间：08:00:00-10:30:00
2021-12-22 23:14:55.212 [0x05460b70] INFO  ExamInfo  - 当前考试科目：语文
2021-12-22 23:14:55.212 [0x05460b70] INFO  ExamInfo  - 指令播放列表初始化完毕！指令开始、结束时间：07:45:00――10:30:00
2021-12-22 23:14:55.212 [0x05460b70] INFO  ExamInfo  - 已到播放队列尾！
2021-12-22 23:14:55.212 [0x05460b70] INFO  ExamInfo  - 考试信息界面初始化完毕！
2021-12-22 23:14:55.212 [0x05460b70] INFO  ExamInfo  - Timer2 started;定时器开启！
2021-12-22 23:14:56.915 [0x05460b70] INFO  putong  - 普通模式设置确定，科目：语文;索引未：0；考试开始结束时间：08:00:00-10:30:00
2021-12-22 23:14:56.926 [0x05460b70] INFO  ExamInfo  - 当前考试科目：语文
2021-12-22 23:14:56.926 [0x05460b70] INFO  ExamInfo  - 指令播放列表初始化完毕！指令开始、结束时间：07:45:00――10:30:00
2021-12-22 23:14:56.926 [0x05460b70] INFO  ExamInfo  - 已到播放队列尾！
2021-12-22 23:14:56.927 [0x05460b70] INFO  ExamInfo  - 考试信息界面初始化完毕！
2021-12-22 23:14:56.927 [0x05460b70] INFO  ExamInfo  - Timer2 started;定时器开启！
2021-12-22 23:14:58.489 [0x05460b70] INFO  putong  - 普通模式设置确定，科目：语文;索引未：0；考试开始结束时间：08:00:00-10:30:00
2021-12-22 23:14:58.500 [0x05460b70] INFO  ExamInfo  - 当前考试科目：语文
2021-12-22 23:14:58.501 [0x05460b70] INFO  ExamInfo  - 指令播放列表初始化完毕！指令开始、结束时间：07:45:00――10:30:00
2021-12-22 23:14:58.501 [0x05460b70] INFO  ExamInfo  - 已到播放队列尾！
2021-12-22 23:14:58.501 [0x05460b70] INFO  ExamInfo  - 考试信息界面初始化完毕！
2021-12-22 23:14:58.501 [0x05460b70] INFO  ExamInfo  - Timer2 started;定时器开启！
2021-12-22 23:14:59.753 [0x05460b70] INFO  putong  - 普通模式设置确定，科目：语文;索引未：0；考试开始结束时间：08:00:00-10:30:00
2021-12-22 23:14:59.764 [0x05460b70] INFO  ExamInfo  - 当前考试科目：语文
2021-12-22 23:14:59.764 [0x05460b70] INFO  ExamInfo  - 指令播放列表初始化完毕！指令开始、结束时间：07:45:00――10:30:00
2021-12-22 23:14:59.764 [0x05460b70] INFO  ExamInfo  - 已到播放队列尾！
2021-12-22 23:14:59.764 [0x05460b70] INFO  ExamInfo  - 考试信息界面初始化完毕！
2021-12-22 23:14:59.764 [0x05460b70] INFO  ExamInfo  - Timer2 started;定时器开启！
2021-12-22 23:15:00.929 [0x05460b70] INFO  putong  - 普通模式设置确定，科目：语文;索引未：0；考试开始结束时间：08:00:00-10:30:00
2021-12-22 23:15:00.940 [0x05460b70] INFO  ExamInfo  - 当前考试科目：语文
2021-12-22 23:15:00.940 [0x05460b70] INFO  ExamInfo  - 指令播放列表初始化完毕！指令开始、结束时间：07:45:00――10:30:00
2021-12-22 23:15:00.940 [0x05460b70] INFO  ExamInfo  - 已到播放队列尾！
2021-12-22 23:15:00.940 [0x05460b70] INFO  ExamInfo  - 考试信息界面初始化完毕！
2021-12-22 23:15:00.941 [0x05460b70] INFO  ExamInfo  - Timer2 started;定时器开启！
2021-12-22 23:15:02.129 [0x05460b70] INFO  putong  - 普通模式设置确定，科目：语文;索引未：0；考试开始结束时间：08:00:00-10:30:00
2021-12-22 23:15:02.140 [0x05460b70] INFO  ExamInfo  - 当前考试科目：语文
2021-12-22 23:15:02.140 [0x05460b70] INFO  ExamInfo  - 指令播放列表初始化完毕！指令开始、结束时间：07:45:00――10:30:00
2021-12-22 23:15:02.141 [0x05460b70] INFO  ExamInfo  - 已到播放队列尾！
2021-12-22 23:15:02.141 [0x05460b70] INFO  ExamInfo  - 考试信息界面初始化完毕！
2021-12-22 23:15:02.141 [0x05460b70] INFO  ExamInfo  - Timer2 started;定时器开启！
2021-12-22 23:15:03.425 [0x05460b70] INFO  putong  - 普通模式设置确定，科目：语文;索引未：0；考试开始结束时间：08:00:00-10:30:00
2021-12-22 23:15:03.436 [0x05460b70] INFO  ExamInfo  - 当前考试科目：语文
2021-12-22 23:15:03.436 [0x05460b70] INFO  ExamInfo  - 指令播放列表初始化完毕！指令开始、结束时间：07:45:00――10:30:00
2021-12-22 23:15:03.436 [0x05460b70] INFO  ExamInfo  - 已到播放队列尾！
2021-12-22 23:15:03.436 [0x05460b70] INFO  ExamInfo  - 考试信息界面初始化完毕！
2021-12-22 23:15:03.436 [0x05460b70] INFO  ExamInfo  - Timer2 started;定时器开启！
2021-12-22 23:15:04.672 [0x05460b70] INFO  putong  - 普通模式设置确定，科目：语文;索引未：0；考试开始结束时间：08:00:00-10:30:00
2021-12-22 23:15:04.684 [0x05460b70] INFO  ExamInfo  - 当前考试科目：语文
2021-12-22 23:15:04.684 [0x05460b70] INFO  ExamInfo  - 指令播放列表初始化完毕！指令开始、结束时间：07:45:00――10:30:00
2021-12-22 23:15:04.684 [0x05460b70] INFO  ExamInfo  - 已到播放队列尾！
2021-12-22 23:15:04.684 [0x05460b70] INFO  ExamInfo  - 考试信息界面初始化完毕！
2021-12-22 23:15:04.684 [0x05460b70] INFO  ExamInfo  - Timer2 started;定时器开启！
2021-12-22 23:15:06.217 [0x05460b70] INFO  putong  - 普通模式设置确定，科目：语文;索引未：0；考试开始结束时间：08:00:00-10:30:00
2021-12-22 23:15:06.228 [0x05460b70] INFO  ExamInfo  - 当前考试科目：语文
2021-12-22 23:15:06.228 [0x05460b70] INFO  ExamInfo  - 指令播放列表初始化完毕！指令开始、结束时间：07:45:00――10:30:00
2021-12-22 23:15:06.228 [0x05460b70] INFO  ExamInfo  - 已到播放队列尾！
2021-12-22 23:15:06.228 [0x05460b70] INFO  ExamInfo  - 考试信息界面初始化完毕！
2021-12-22 23:15:06.228 [0x05460b70] INFO  ExamInfo  - Timer2 started;定时器开启！
2021-12-22 23:17:09.392 [0x29200d60] INFO  Main  - Main 函数运行！
2021-12-22 23:17:11.511 [0x29200d60] INFO  QDialog  - 普通模式被选中！
2021-12-22 23:17:14.267 [0x29200d60] INFO  putong  - 普通模式设置确定，科目：语文;索引未：0；考试开始结束时间：08:00:00-10:30:00
2021-12-22 23:17:14.435 [0x29200d60] INFO  ExamInfo  - 当前考试科目：语文
2021-12-22 23:17:14.435 [0x29200d60] INFO  ExamInfo  - 指令播放列表初始化完毕！指令开始、结束时间：07:45:00――10:30:00
2021-12-22 23:17:14.437 [0x29200d60] INFO  ExamInfo  - 已到播放队列尾！
2021-12-22 23:17:14.437 [0x29200d60] INFO  ExamInfo  - 考试信息界面初始化完毕！
2021-12-22 23:17:19.756 [0x29200d60] INFO  putong  - 普通模式设置确定，科目：语文;索引未：0；考试开始结束时间：08:00:00-10:30:00
2021-12-22 23:17:19.768 [0x29200d60] INFO  ExamInfo  - 当前考试科目：语文
2021-12-22 23:17:19.768 [0x29200d60] INFO  ExamInfo  - 指令播放列表初始化完毕！指令开始、结束时间：07:45:00――10:30:00
2021-12-22 23:17:19.768 [0x29200d60] INFO  ExamInfo  - 已到播放队列尾！
2021-12-22 23:17:19.769 [0x29200d60] INFO  ExamInfo  - 考试信息界面初始化完毕！
2021-12-22 23:17:22.779 [0x29200d60] INFO  putong  - 普通模式设置确定，科目：语文;索引未：0；考试开始结束时间：08:00:00-10:30:00
2021-12-22 23:17:22.789 [0x29200d60] INFO  ExamInfo  - 当前考试科目：语文
2021-12-22 23:17:22.789 [0x29200d60] INFO  ExamInfo  - 指令播放列表初始化完毕！指令开始、结束时间：07:45:00――10:30:00
2021-12-22 23:17:22.790 [0x29200d60] INFO  ExamInfo  - 已到播放队列尾！
2021-12-22 23:17:22.790 [0x29200d60] INFO  ExamInfo  - 考试信息界面初始化完毕！
2021-12-22 23:17:24.700 [0x29200d60] INFO  putong  - 普通模式设置确定，科目：语文;索引未：0；考试开始结束时间：08:00:00-10:30:00
2021-12-22 23:17:24.711 [0x29200d60] INFO  ExamInfo  - 当前考试科目：语文
2021-12-22 23:17:24.711 [0x29200d60] INFO  ExamInfo  - 指令播放列表初始化完毕！指令开始、结束时间：07:45:00――10:30:00
2021-12-22 23:17:24.712 [0x29200d60] INFO  ExamInfo  - 已到播放队列尾！
2021-12-22 23:17:24.712 [0x29200d60] INFO  ExamInfo  - 考试信息界面初始化完毕！
2021-12-22 23:17:26.131 [0x29200d60] INFO  putong  - 普通模式设置确定，科目：语文;索引未：0；考试开始结束时间：08:00:00-10:30:00
2021-12-22 23:17:26.142 [0x29200d60] INFO  ExamInfo  - 当前考试科目：语文
2021-12-22 23:17:26.142 [0x29200d60] INFO  ExamInfo  - 指令播放列表初始化完毕！指令开始、结束时间：07:45:00――10:30:00
2021-12-22 23:17:26.143 [0x29200d60] INFO  ExamInfo  - 已到播放队列尾！
2021-12-22 23:17:26.143 [0x29200d60] INFO  ExamInfo  - 考试信息界面初始化完毕！
2021-12-22 23:17:27.964 [0x29200d60] INFO  putong  - 普通模式设置确定，科目：语文;索引未：0；考试开始结束时间：08:00:00-10:30:00
2021-12-22 23:17:27.975 [0x29200d60] INFO  ExamInfo  - 当前考试科目：语文
2021-12-22 23:17:27.975 [0x29200d60] INFO  ExamInfo  - 指令播放列表初始化完毕！指令开始、结束时间：07:45:00――10:30:00
2021-12-22 23:17:27.975 [0x29200d60] INFO  ExamInfo  - 已到播放队列尾！
2021-12-22 23:17:27.975 [0x29200d60] INFO  ExamInfo  - 考试信息界面初始化完毕！
2021-12-22 23:17:29.357 [0x29200d60] INFO  putong  - 普通模式设置确定，科目：语文;索引未：0；考试开始结束时间：08:00:00-10:30:00
2021-12-22 23:17:29.367 [0x29200d60] INFO  ExamInfo  - 当前考试科目：语文
2021-12-22 23:17:29.367 [0x29200d60] INFO  ExamInfo  - 指令播放列表初始化完毕！指令开始、结束时间：07:45:00――10:30:00
2021-12-22 23:17:29.368 [0x29200d60] INFO  ExamInfo  - 已到播放队列尾！
2021-12-22 23:17:29.368 [0x29200d60] INFO  ExamInfo  - 考试信息界面初始化完毕！
2021-12-22 23:17:30.715 [0x29200d60] INFO  putong  - 普通模式设置确定，科目：语文;索引未：0；考试开始结束时间：08:00:00-10:30:00
2021-12-22 23:17:30.725 [0x29200d60] INFO  ExamInfo  - 当前考试科目：语文
2021-12-22 23:17:30.726 [0x29200d60] INFO  ExamInfo  - 指令播放列表初始化完毕！指令开始、结束时间：07:45:00――10:30:00
2021-12-22 23:17:30.726 [0x29200d60] INFO  ExamInfo  - 已到播放队列尾！
2021-12-22 23:17:30.726 [0x29200d60] INFO  ExamInfo  - 考试信息界面初始化完毕！
2021-12-22 23:17:32.179 [0x29200d60] INFO  putong  - 普通模式设置确定，科目：语文;索引未：0；考试开始结束时间：08:00:00-10:30:00
2021-12-22 23:17:32.191 [0x29200d60] INFO  ExamInfo  - 当前考试科目：语文
2021-12-22 23:17:32.191 [0x29200d60] INFO  ExamInfo  - 指令播放列表初始化完毕！指令开始、结束时间：07:45:00――10:30:00
2021-12-22 23:17:32.191 [0x29200d60] INFO  ExamInfo  - 已到播放队列尾！
2021-12-22 23:17:32.192 [0x29200d60] INFO  ExamInfo  - 考试信息界面初始化完毕！
2021-12-22 23:17:33.532 [0x29200d60] INFO  putong  - 普通模式设置确定，科目：语文;索引未：0；考试开始结束时间：08:00:00-10:30:00
2021-12-22 23:17:33.543 [0x29200d60] INFO  ExamInfo  - 当前考试科目：语文
2021-12-22 23:17:33.543 [0x29200d60] INFO  ExamInfo  - 指令播放列表初始化完毕！指令开始、结束时间：07:45:00――10:30:00
2021-12-22 23:17:33.543 [0x29200d60] INFO  ExamInfo  - 已到播放队列尾！
2021-12-22 23:17:33.543 [0x29200d60] INFO  ExamInfo  - 考试信息界面初始化完毕！
2021-12-22 23:17:35.068 [0x29200d60] INFO  putong  - 普通模式设置确定，科目：语文;索引未：0；考试开始结束时间：08:00:00-10:30:00
2021-12-22 23:17:35.080 [0x29200d60] INFO  ExamInfo  - 当前考试科目：语文
2021-12-22 23:17:35.080 [0x29200d60] INFO  ExamInfo  - 指令播放列表初始化完毕！指令开始、结束时间：07:45:00――10:30:00
2021-12-22 23:17:35.081 [0x29200d60] INFO  ExamInfo  - 已到播放队列尾！
2021-12-22 23:17:35.081 [0x29200d60] INFO  ExamInfo  - 考试信息界面初始化完毕！
2021-12-22 23:17:36.532 [0x29200d60] INFO  putong  - 普通模式设置确定，科目：语文;索引未：0；考试开始结束时间：08:00:00-10:30:00
2021-12-22 23:17:36.543 [0x29200d60] INFO  ExamInfo  - 当前考试科目：语文
2021-12-22 23:17:36.543 [0x29200d60] INFO  ExamInfo  - 指令播放列表初始化完毕！指令开始、结束时间：07:45:00――10:30:00
2021-12-22 23:17:36.544 [0x29200d60] INFO  ExamInfo  - 已到播放队列尾！
2021-12-22 23:17:36.544 [0x29200d60] INFO  ExamInfo  - 考试信息界面初始化完毕！
2021-12-22 23:17:38.307 [0x29200d60] INFO  putong  - 普通模式设置确定，科目：语文;索引未：0；考试开始结束时间：08:00:00-10:30:00
2021-12-22 23:17:38.319 [0x29200d60] INFO  ExamInfo  - 当前考试科目：语文
2021-12-22 23:17:38.319 [0x29200d60] INFO  ExamInfo  - 指令播放列表初始化完毕！指令开始、结束时间：07:45:00――10:30:00
2021-12-22 23:17:38.319 [0x29200d60] INFO  ExamInfo  - 已到播放队列尾！
2021-12-22 23:17:38.319 [0x29200d60] INFO  ExamInfo  - 考试信息界面初始化完毕！
2021-12-22 23:17:39.612 [0x29200d60] INFO  putong  - 普通模式设置确定，科目：语文;索引未：0；考试开始结束时间：08:00:00-10:30:00
2021-12-22 23:17:39.623 [0x29200d60] INFO  ExamInfo  - 当前考试科目：语文
2021-12-22 23:17:39.623 [0x29200d60] INFO  ExamInfo  - 指令播放列表初始化完毕！指令开始、结束时间：07:45:00――10:30:00
2021-12-22 23:17:39.623 [0x29200d60] INFO  ExamInfo  - 已到播放队列尾！
2021-12-22 23:17:39.623 [0x29200d60] INFO  ExamInfo  - 考试信息界面初始化完毕！
2021-12-22 23:17:40.972 [0x29200d60] INFO  putong  - 普通模式设置确定，科目：语文;索引未：0；考试开始结束时间：08:00:00-10:30:00
2021-12-22 23:17:40.983 [0x29200d60] INFO  ExamInfo  - 当前考试科目：语文
2021-12-22 23:17:40.983 [0x29200d60] INFO  ExamInfo  - 指令播放列表初始化完毕！指令开始、结束时间：07:45:00――10:30:00
2021-12-22 23:17:40.984 [0x29200d60] INFO  ExamInfo  - 已到播放队列尾！
2021-12-22 23:17:40.984 [0x29200d60] INFO  ExamInfo  - 考试信息界面初始化完毕！
2021-12-22 23:17:42.283 [0x29200d60] INFO  putong  - 普通模式设置确定，科目：语文;索引未：0；考试开始结束时间：08:00:00-10:30:00
2021-12-22 23:17:42.294 [0x29200d60] INFO  ExamInfo  - 当前考试科目：语文
2021-12-22 23:17:42.295 [0x29200d60] INFO  ExamInfo  - 指令播放列表初始化完毕！指令开始、结束时间：07:45:00――10:30:00
2021-12-22 23:17:42.295 [0x29200d60] INFO  ExamInfo  - 已到播放队列尾！
2021-12-22 23:17:42.295 [0x29200d60] INFO  ExamInfo  - 考试信息界面初始化完毕！
2021-12-22 23:17:43.659 [0x29200d60] INFO  putong  - 普通模式设置确定，科目：语文;索引未：0；考试开始结束时间：08:00:00-10:30:00
2021-12-22 23:17:43.670 [0x29200d60] INFO  ExamInfo  - 当前考试科目：语文
2021-12-22 23:17:43.670 [0x29200d60] INFO  ExamInfo  - 指令播放列表初始化完毕！指令开始、结束时间：07:45:00――10:30:00
2021-12-22 23:17:43.671 [0x29200d60] INFO  ExamInfo  - 已到播放队列尾！
2021-12-22 23:17:43.671 [0x29200d60] INFO  ExamInfo  - 考试信息界面初始化完毕！
2021-12-22 23:17:45.084 [0x29200d60] INFO  putong  - 普通模式设置确定，科目：语文;索引未：0；考试开始结束时间：08:00:00-10:30:00
2021-12-22 23:17:45.095 [0x29200d60] INFO  ExamInfo  - 当前考试科目：语文
2021-12-22 23:17:45.095 [0x29200d60] INFO  ExamInfo  - 指令播放列表初始化完毕！指令开始、结束时间：07:45:00――10:30:00
2021-12-22 23:17:45.096 [0x29200d60] INFO  ExamInfo  - 已到播放队列尾！
2021-12-22 23:17:45.096 [0x29200d60] INFO  ExamInfo  - 考试信息界面初始化完毕！
2021-12-22 23:17:46.484 [0x29200d60] INFO  putong  - 普通模式设置确定，科目：语文;索引未：0；考试开始结束时间：08:00:00-10:30:00
2021-12-22 23:17:46.495 [0x29200d60] INFO  ExamInfo  - 当前考试科目：语文
2021-12-22 23:17:46.495 [0x29200d60] INFO  ExamInfo  - 指令播放列表初始化完毕！指令开始、结束时间：07:45:00――10:30:00
2021-12-22 23:17:46.496 [0x29200d60] INFO  ExamInfo  - 已到播放队列尾！
2021-12-22 23:17:46.496 [0x29200d60] INFO  ExamInfo  - 考试信息界面初始化完毕！
