2021-12-23 11:54:15.369 [0x29330cc0] INFO  Main  - Main 函数运行！
2021-12-23 11:54:19.548 [0x29330cc0] INFO  QDialog  - 普通模式被选中！
2021-12-23 11:54:39.992 [0x29330cc0] INFO  putong  - 普通模式设置确定，科目：语文;索引未：0；考试开始结束时间：08:00:00-13:20:00
2021-12-23 11:54:40.672 [0x29330cc0] INFO  ExamInfo  - 当前考试科目：语文
2021-12-23 11:54:40.673 [0x29330cc0] INFO  ExamInfo  - 指令播放列表初始化完毕！指令开始、结束时间：07:45:00――13:20:00
2021-12-23 11:54:40.673 [0x29330cc0] INFO  ExamInfo  - 展示下一条即将播放的指令相关内容！
2021-12-23 11:54:40.673 [0x29330cc0] INFO  ExamInfo  - 考试信息界面初始化完毕！
2021-12-23 11:54:40.673 [0x29330cc0] INFO  ExamInfo  - Timer2 started;定时器开启！
2021-12-23 11:54:49.336 [0x29330cc0] INFO  bofang  - 停止播放！
2021-12-23 11:54:49.342 [0x29330cc0] INFO  ExamInfo  - 普通模式对话框重启,重新选择科目！
2021-12-23 11:55:11.881 [0x29330cc0] INFO  putong  - 普通模式设置确定，科目：语文;索引未：0；考试开始结束时间：08:00:00-12:11:00
2021-12-23 11:55:11.892 [0x29330cc0] INFO  ExamInfo  - 当前考试科目：语文
2021-12-23 11:55:11.892 [0x29330cc0] INFO  ExamInfo  - 指令播放列表初始化完毕！指令开始、结束时间：07:45:00――12:11:00
2021-12-23 11:55:11.892 [0x29330cc0] INFO  ExamInfo  - 展示下一条即将播放的指令相关内容！
2021-12-23 11:55:11.892 [0x29330cc0] INFO  ExamInfo  - 考试信息界面初始化完毕！
2021-12-23 11:55:11.893 [0x29330cc0] INFO  ExamInfo  - Timer2 started;定时器开启！
2021-12-23 11:56:00.001 [0x29330cc0] INFO  bofang  - QDir::currentPath()::K:/QT_Hook/ExamIns/build-ExamIns-Desktop_Qt_5_13_2_MinGW_32_bit-Debug    QUrl::fromLocalFile::file:Mp3/p9.mp3
2021-12-23 11:56:00.016 [0x29330cc0] INFO  bofang  - 成功播放，文件地址为：file:Mp3/p9.mp3
2021-12-23 11:56:09.202 [0x29330cc0] INFO  bofang  - 指令播放结束，文件地址为：file:Mp3/p9.mp3
2021-12-23 11:58:26.419 [0x276f0c70] INFO  Main  - Main 函数运行！
2021-12-23 11:58:29.096 [0x276f0c70] INFO  QDialog  - 普通模式被选中！
2021-12-23 11:58:41.621 [0x276f0c70] INFO  putong  - 普通模式设置确定，科目：语文;索引未：0；考试开始结束时间：08:00:00-12:16:00
2021-12-23 11:58:41.789 [0x276f0c70] INFO  ExamInfo  - 当前考试科目：语文
2021-12-23 11:58:41.789 [0x276f0c70] INFO  ExamInfo  - 指令播放列表初始化完毕！指令开始、结束时间：07:45:00――12:16:00
2021-12-23 11:58:41.789 [0x276f0c70] INFO  ExamInfo  - 展示下一条即将播放的指令相关内容！
2021-12-23 11:58:41.790 [0x276f0c70] INFO  ExamInfo  - 考试信息界面初始化完毕！
2021-12-23 11:58:41.790 [0x276f0c70] INFO  ExamInfo  - Timer2 started;定时器开启！
2021-12-23 12:01:00.000 [0x276f0c70] INFO  ExamInfo  - 当前指令索引：6;播放时间：12:01:00;指令内容：（当科考试结束前15分钟，短促的轻“嘟”音后开始）离考试结束还有15分钟，请注意掌握时间。；音频文件：p9.mp3
2021-12-23 12:01:00.001 [0x276f0c70] INFO  bofang  - QDir::currentPath()::K:/QT_Hook/ExamIns/build-ExamIns-Desktop_Qt_5_13_2_MinGW_32_bit-Debug    QUrl::fromLocalFile::file:Mp3/p9.mp3
2021-12-23 12:01:00.012 [0x276f0c70] INFO  bofang  - 成功播放，文件地址为：file:Mp3/p9.mp3
2021-12-23 12:01:09.099 [0x276f0c70] INFO  bofang  - 指令播放结束，文件地址为：file:Mp3/p9.mp3
2021-12-23 21:54:08.780 [0x292d0db0] INFO  root  - ################################################################
2021-12-23 21:54:08.781 [0x292d0db0] INFO  root  - #                          START                               #
2021-12-23 21:54:08.781 [0x292d0db0] INFO  root  - ################################################################
2021-12-23 21:54:36.409 [0x292d0db0] INFO  QDialog  - 普通模式被选中！
2021-12-23 21:54:57.362 [0x292d0db0] INFO  putong  - 普通模式设置确定，科目：语文;索引未：0；考试开始结束时间：22:06:00-23:06:00
2021-12-23 21:54:58.009 [0x292d0db0] INFO  ExamInfo  - 当前考试科目：语文
2021-12-23 21:54:58.009 [0x292d0db0] INFO  ExamInfo  - 指令播放列表初始化完毕！指令开始、结束时间：21:51:00――23:06:00
2021-12-23 21:54:58.009 [0x292d0db0] INFO  ExamInfo  - 展示下一条即将播放的指令相关内容！
2021-12-23 21:54:58.010 [0x292d0db0] INFO  ExamInfo  - 考试信息界面初始化完毕！
2021-12-23 21:54:58.010 [0x292d0db0] INFO  ExamInfo  - Timer2 started;定时器开启！
2021-12-23 21:55:00.000 [0x292d0db0] INFO  ExamInfo  - 当前指令索引：1；播放时间：21:55:00；指令内容：现在是开考前11分钟，请监考员核对挂钟显示时间，不准确的立即调整。；音频文件：p4.mp3
2021-12-23 21:55:00.002 [0x292d0db0] INFO  bofang  - QDir::currentPath()::K:/QT_Hook/ExamIns/build-ExamIns-Desktop_Qt_5_13_2_MinGW_32_bit-Debug    QUrl::fromLocalFile::file:Mp3/p4.mp3
2021-12-23 21:55:00.016 [0x292d0db0] INFO  bofang  - 成功播放，文件地址为：file:Mp3/p4.mp3
2021-12-23 21:55:11.653 [0x292d0db0] INFO  bofang  - 指令播放结束，文件地址为：file:Mp3/p4.mp3
2021-12-23 21:56:00.008 [0x292d0db0] INFO  ExamInfo  - 当前指令索引：2；播放时间：21:56:00；指令内容：请监考员甲当众验示试卷袋是否当堂考试科目，塑封袋是否完好无破损，无疑后，沿塑封袋拆封口拆封，取出试卷袋，然后用小刀将试题题袋上端裁开，取出试卷后，认真核对，作好发卷准备，并板书本堂考试的科目、试卷的张数、页数，如果有更正通知，请一并写在黑板上；监考员乙继续为考生粘贴条形码，粘贴完后再逐个检查考生填涂的姓名、准考证号、座位号是否正确。开始作答时，选择题部分必须用2B铅笔规范填涂；非选择题部分使用0.5毫米黑色墨迹签字笔书写，书写时字迹要工整、清晰，不得使用铅笔、红笔、蓝色钢笔或圆珠笔等规定以外的笔答题；作图题可先用铅笔绘出，确认后再用0.5毫米黑色墨迹签字笔描清楚；严禁在答题卡的图像定位点（黑方块）周围作任何涂写和标记；严格按照答题要求在指定的区域内答题，切不可超出答题区域的黑色边框，超出黑色边框的答案无效；凡印有方格的试卷，要一字一格书写；一律不准使用添卷纸，也不准答在草稿纸上；答题时如果需要对答案进行修改，可用修改符号将该书写内容划去，然后紧挨着在其上方或下方写出新的答案，修改部分书写时与正文一样不能超过该题答题区域的矩形边框，否则修改的答案无效；禁止使用涂改液、修正带改错或用胶带纸粘扯欲修改的内容。；音频文件：p5.mp3
2021-12-23 21:56:00.009 [0x292d0db0] INFO  bofang  - QDir::currentPath()::K:/QT_Hook/ExamIns/build-ExamIns-Desktop_Qt_5_13_2_MinGW_32_bit-Debug    QUrl::fromLocalFile::file:Mp3/p5.mp3
2021-12-23 21:56:00.027 [0x292d0db0] INFO  bofang  - 成功播放，文件地址为：file:Mp3/p5.mp3
2021-12-23 21:57:10.859 [0x292d0db0] INFO  bofang  - 停止播放！
2021-12-23 21:57:10.864 [0x292d0db0] INFO  ExamInfo  - 普通模式对话框重启,重新选择科目！
2021-12-23 21:57:16.011 [0x292d0db0] INFO  root  - ################################################################
2021-12-23 21:57:16.011 [0x292d0db0] INFO  root  - #                          STOP                                #
2021-12-23 21:57:16.011 [0x292d0db0] INFO  root  - ################################################################
2021-12-23 22:00:04.240 [0x29280c40] INFO  root  - ################################################################
2021-12-23 22:00:04.240 [0x29280c40] INFO  root  - #                          START                               #
2021-12-23 22:00:04.240 [0x29280c40] INFO  root  - ################################################################
2021-12-23 22:00:06.759 [0x29280c40] INFO  QDialog  - 普通模式被选中！
2021-12-23 22:00:07.697 [0x29280c40] INFO  putong  - 普通模式设置确定，科目：语文;索引未：0；考试开始结束时间：08:00:00-10:30:00
2021-12-23 22:00:07.864 [0x29280c40] INFO  ExamInfo  - 当前考试科目：语文
2021-12-23 22:00:07.864 [0x29280c40] INFO  ExamInfo  - 指令播放列表初始化完毕！指令开始、结束时间：07:45:00――10:30:00
2021-12-23 22:00:07.865 [0x29280c40] INFO  ExamInfo  - 已到播放队列尾！
2021-12-23 22:00:07.865 [0x29280c40] INFO  ExamInfo  - 考试信息界面初始化完毕！
2021-12-23 22:00:07.865 [0x29280c40] INFO  ExamInfo  - Timer2 started;定时器开启！
2021-12-23 22:00:10.592 [0x29280c40] INFO  bofang  - 停止播放！
2021-12-23 22:00:10.598 [0x29280c40] INFO  ExamInfo  - 普通模式对话框重启,重新选择科目！
2021-12-23 22:00:12.114 [0x29280c40] INFO  root  - ################################################################
2021-12-23 22:00:12.114 [0x29280c40] INFO  root  - #                          STOP                                #
2021-12-23 22:00:12.114 [0x29280c40] INFO  root  - ################################################################
2021-12-23 22:01:03.385 [0x292f0df0] INFO  root  - ################################################################
2021-12-23 22:01:03.385 [0x292f0df0] INFO  root  -                                  START                               
2021-12-23 22:01:03.385 [0x292f0df0] INFO  root  - ################################################################
2021-12-23 22:01:06.631 [0x292f0df0] INFO  QDialog  - 普通模式被选中！
2021-12-23 22:01:07.330 [0x292f0df0] INFO  putong  - 普通模式设置确定，科目：语文;索引未：0；考试开始结束时间：08:00:00-10:30:00
2021-12-23 22:01:07.496 [0x292f0df0] INFO  ExamInfo  - 当前考试科目：语文
2021-12-23 22:01:07.496 [0x292f0df0] INFO  ExamInfo  - 指令播放列表初始化完毕！指令开始、结束时间：07:45:00――10:30:00
2021-12-23 22:01:07.497 [0x292f0df0] INFO  ExamInfo  - 已到播放队列尾！
2021-12-23 22:01:07.497 [0x292f0df0] INFO  ExamInfo  - 考试信息界面初始化完毕！
2021-12-23 22:01:07.497 [0x292f0df0] INFO  ExamInfo  - Timer2 started;定时器开启！
2021-12-23 22:01:08.681 [0x292f0df0] INFO  root  - ################################################################
2021-12-23 22:01:08.681 [0x292f0df0] INFO  root  -                                 STOP                                
2021-12-23 22:01:08.681 [0x292f0df0] INFO  root  - ################################################################
2021-12-23 22:02:43.958 [0x27780dc0] INFO  root  - ################################################################
2021-12-23 22:02:43.958 [0x27780dc0] INFO  root  -                                      LOG   START
2021-12-23 22:02:43.958 [0x27780dc0] INFO  root  - ################################################################
2021-12-23 22:02:46.345 [0x27780dc0] INFO  QDialog  - 高考模式被选中！
2021-12-23 22:02:47.204 [0x27780dc0] INFO  gaokao  - 高考模式设置，科目：语文，科目索引未：0
2021-12-23 22:02:47.374 [0x27780dc0] INFO  ExamInfo  - 当前考试科目：语文
2021-12-23 22:02:47.380 [0x27780dc0] INFO  ExamInfo  - 指令播放列表初始化完毕！指令开始、结束时间：08:10:00――11:30:00
2021-12-23 22:02:47.382 [0x27780dc0] INFO  ExamInfo  - 已到播放队列尾！
2021-12-23 22:02:47.382 [0x27780dc0] INFO  ExamInfo  - 考试信息界面初始化完毕！
2021-12-23 22:02:47.382 [0x27780dc0] INFO  ExamInfo  - Timer2 started;定时器开启！
2021-12-23 22:02:48.908 [0x27780dc0] INFO  bofang  - 停止播放！
2021-12-23 22:02:48.914 [0x27780dc0] INFO  ExamInfo  - 高考模式对话框重启,重新选择科目！
2021-12-23 22:02:50.148 [0x27780dc0] INFO  gaokao  - 高考模式设置，科目：语文，科目索引未：0
2021-12-23 22:02:50.156 [0x27780dc0] INFO  ExamInfo  - 当前考试科目：语文
2021-12-23 22:02:50.163 [0x27780dc0] INFO  ExamInfo  - 指令播放列表初始化完毕！指令开始、结束时间：08:10:00――11:30:00
2021-12-23 22:02:50.163 [0x27780dc0] INFO  ExamInfo  - 已到播放队列尾！
2021-12-23 22:02:50.163 [0x27780dc0] INFO  ExamInfo  - 考试信息界面初始化完毕！
2021-12-23 22:02:50.163 [0x27780dc0] INFO  ExamInfo  - Timer2 started;定时器开启！
2021-12-23 22:02:51.417 [0x27780dc0] INFO  showInfo  - 查看指令详情！
2021-12-23 22:02:54.548 [0x27780dc0] INFO  root  - ################################################################
2021-12-23 22:02:54.548 [0x27780dc0] INFO  root  -                                       LOG  STOP
2021-12-23 22:02:54.548 [0x27780dc0] INFO  root  - ################################################################
