2021-12-13 21:56:59.554 [0x00eaf808] INFO  root  - ************类Main开始运行*************
2021-12-13 21:56:59.555 [0x00eaf808] INFO  Main  - Main 函数运行！
2021-12-13 21:56:59.770 [0x00eaf808] INFO  root  - ************类高考、普通QDialog!开始运行*************
2021-12-13 21:57:36.933 [0x00eaf808] INFO  Main  - 高考模式被选中！
2021-12-13 21:57:36.937 [0x00eaf808] INFO  root  - ************类高考模式设置对话框！开始运行*************
2021-12-13 21:57:38.801 [0x00eaf808] INFO  Main  - 高考模式设置，科目：语文，科目索引未：0
2021-12-13 21:57:39.482 [0x00eaf808] INFO  root  - ************类BoFang播放开始运行*************
2021-12-13 21:57:39.483 [0x00eaf808] INFO  root  - ************类高考模式信息展示开始运行*************
2021-12-13 21:57:39.484 [0x00eaf808] INFO  Main  - 当前科目：语文
2021-12-13 21:57:39.490 [0x00eaf808] INFO  Main  - 指令初始化完毕！
2021-12-13 21:57:39.490 [0x00eaf808] INFO  Main  - 指令播放开始时间：08:10:00指令播放结束时间：02:13:15
2021-12-13 21:57:39.490 [0x00eaf808] INFO  Main  - 考试信息界面初始化完毕！
2021-12-13 21:57:39.490 [0x00eaf808] INFO  Main  - 定时器开启！
2021-12-13 21:57:39.513 [0x00eaf808] INFO  root  - ************类高考模式设置对话框！结束运行*************
2021-12-13 21:59:20.134 [0x00eaf808] INFO  root  - ************类ShowInfo开始运行*************
2021-12-13 21:59:46.363 [0x00eaf808] INFO  root  - ************类ShowInfo结束运行*************
2021-12-13 21:59:49.019 [0x00eaf808] INFO  root  - ************类高考模式设置对话框！开始运行*************
2021-12-13 21:59:51.869 [0x00eaf808] INFO  Main  - 高考模式设置，科目：数学，科目索引未：1
2021-12-13 21:59:51.878 [0x00eaf808] INFO  root  - ************类BoFang播放开始运行*************
2021-12-13 21:59:51.879 [0x00eaf808] INFO  root  - ************类高考模式信息展示开始运行*************
2021-12-13 21:59:51.880 [0x00eaf808] INFO  Main  - 当前科目：数学
2021-12-13 21:59:51.885 [0x00eaf808] INFO  Main  - 指令初始化完毕！
2021-12-13 21:59:51.885 [0x00eaf808] INFO  Main  - 指令播放开始时间：14:10:00指令播放结束时间：00:00:00
2021-12-13 21:59:51.886 [0x00eaf808] INFO  Main  - 考试信息界面初始化完毕！
2021-12-13 21:59:51.886 [0x00eaf808] INFO  Main  - 定时器开启！
2021-12-13 21:59:51.908 [0x00eaf808] INFO  root  - ************类高考模式设置对话框！结束运行*************
2021-12-13 21:59:53.562 [0x00eaf808] INFO  root  - ************类高考模式设置对话框！开始运行*************
2021-12-13 21:59:54.915 [0x00eaf808] INFO  root  - ************类高考模式设置对话框！结束运行*************
2021-12-13 22:00:00.429 [0x2922f658] INFO  root  - ************类Main开始运行*************
2021-12-13 22:00:00.429 [0x2922f658] INFO  Main  - Main 函数运行！
2021-12-13 22:00:00.460 [0x2922f658] INFO  root  - ************类高考、普通QDialog!开始运行*************
2021-12-13 22:00:03.808 [0x2922f658] INFO  Main  - 普通模式被选中！
2021-12-13 22:00:03.814 [0x2922f658] INFO  root  - ************类普通模式设置！开始运行*************
2021-12-13 22:00:05.447 [0x2922f658] INFO  root  - ************类BoFang播放开始运行*************
2021-12-13 22:00:05.448 [0x2922f658] INFO  root  - ************类普通模式信息展示开始运行*************
2021-12-13 22:00:05.448 [0x2922f658] INFO  Main  - 当前科目：语文
2021-12-13 22:00:05.449 [0x2922f658] INFO  Main  - 指令初始化完毕！
2021-12-13 22:00:05.449 [0x2922f658] INFO  Main  - 指令播放开始时间：07:45:00指令播放结束时间：00:00:00
2021-12-13 22:00:05.449 [0x2922f658] INFO  Main  - 考试信息界面初始化完毕！
2021-12-13 22:00:05.450 [0x2922f658] INFO  Main  - 定时器开启！
2021-12-13 22:00:05.450 [0x2922f658] INFO  Main  - 普通模式设置确定，科目：语文;索引未：0；考试开始结束时间：08:00:00-10:30:00
2021-12-13 22:00:05.482 [0x2922f658] INFO  root  - ************类普通模式设置结束！结束运行*************
2021-12-13 22:00:08.159 [0x2922f658] INFO  root  - ************类ShowInfo开始运行*************
2021-12-13 22:00:09.721 [0x2922f658] INFO  root  - ************类ShowInfo结束运行*************
2021-12-13 22:00:10.788 [0x2922f658] INFO  root  - ************类普通模式设置！开始运行*************
2021-12-13 22:00:15.686 [0x2922f658] INFO  root  - ************类BoFang播放开始运行*************
2021-12-13 22:00:15.687 [0x2922f658] INFO  root  - ************类普通模式信息展示开始运行*************
2021-12-13 22:00:15.687 [0x2922f658] INFO  Main  - 当前科目：思想政治
2021-12-13 22:00:15.687 [0x2922f658] INFO  Main  - 指令初始化完毕！
2021-12-13 22:00:15.687 [0x2922f658] INFO  Main  - 指令播放开始时间：10:05:00指令播放结束时间：00:00:00
2021-12-13 22:00:15.687 [0x2922f658] INFO  Main  - 考试信息界面初始化完毕！
2021-12-13 22:00:15.687 [0x2922f658] INFO  Main  - 定时器开启！
2021-12-13 22:00:15.687 [0x2922f658] INFO  Main  - 普通模式设置确定，科目：思想政治;索引未：2；考试开始结束时间：10:20:00-11:50:00
2021-12-13 22:00:15.719 [0x2922f658] INFO  root  - ************类普通模式设置结束！结束运行*************
2021-12-13 22:00:17.637 [0x2922f658] INFO  root  - ************类普通模式设置！开始运行*************
2021-12-13 22:00:18.661 [0x2922f658] INFO  root  - ************类BoFang播放开始运行*************
2021-12-13 22:00:18.662 [0x2922f658] INFO  root  - ************类普通模式信息展示开始运行*************
2021-12-13 22:00:18.663 [0x2922f658] INFO  Main  - 当前科目：语文
2021-12-13 22:00:18.663 [0x2922f658] INFO  Main  - 指令初始化完毕！
2021-12-13 22:00:18.663 [0x2922f658] INFO  Main  - 指令播放开始时间：07:45:00指令播放结束时间：00:53:31
2021-12-13 22:00:18.663 [0x2922f658] INFO  Main  - 考试信息界面初始化完毕！
2021-12-13 22:00:18.663 [0x2922f658] INFO  Main  - 定时器开启！
2021-12-13 22:00:18.663 [0x2922f658] INFO  Main  - 普通模式设置确定，科目：语文;索引未：0；考试开始结束时间：08:00:00-10:30:00
2021-12-13 22:00:18.690 [0x2922f658] INFO  root  - ************类普通模式设置结束！结束运行*************
